{"numFailedTestSuites":5,"numFailedTests":12,"numPassedTestSuites":61,"numPassedTests":809,"numPendingTestSuites":0,"numPendingTests":0,"numRuntimeErrorTestSuites":0,"numTodoTests":0,"numTotalTestSuites":66,"numTotalTests":821,"openHandles":[],"snapshot":{"added":0,"didUpdate":false,"failure":false,"filesAdded":0,"filesRemoved":0,"filesRemovedList":[],"filesUnmatched":0,"filesUpdated":0,"matched":0,"total":0,"unchecked":0,"uncheckedKeysByFile":[],"unmatched":0,"updated":0},"startTime":1779935914732,"success":false,"testResults":[{"assertionResults":[{"ancestorTitles":["dossier-state"],"duration":9,"failing":false,"failureDetails":[],"failureMessages":[],"fullName":"dossier-state normalizes local dossier records and config","invocations":1,"location":null,"numPassingAsserts":4,"retryReasons":[],"startAt":1779935917582,"status":"passed","title":"normalizes local dossier records and config"},{"ancestorTitles":["dossier-state"],"duration":2,"failing":false,"failureDetails":[],"failureMessages":[],"fullName":"dossier-state persists per-asset dossiers and falls back safely","invocations":1,"location":null,"numPassingAsserts":4,"retryReasons":[],"startAt":1779935917591,"status":"passed","title":"persists per-asset dossiers and falls back safely"},{"ancestorTitles":["dossier-state"],"duration":7,"failing":false,"failureDetails":[{"matcherResult":{"actual":["Repair","Needs repair","Cập nhật tài sản","Cập nhật trạng thái"],"expected":["Repair","Needs repair","properties.update","status.update"],"message":"expect(received).toEqual(expected) // deep equality\n\n- Expected  - 2\n+ Received  + 2\n\n  Array [\n    \"Repair\",\n    \"Needs repair\",\n-   \"properties.update\",\n-   \"status.update\",\n+   \"Cập nhật tài sản\",\n+   \"Cập nhật trạng thái\",\n  ]","name":"toEqual","pass":false}}],"failureMessages":["Error: expect(received).toEqual(expected) // deep equality\n\n- Expected  - 2\n+ Received  + 2\n\n  Array [\n    \"Repair\",\n    \"Needs repair\",\n-   \"properties.update\",\n-   \"status.update\",\n+   \"Cập nhật tài sản\",\n+   \"Cập nhật trạng thái\",\n  ]\n    at Object.toEqual (E:\\DUAN\\geoAI_web\\apps\\web\\src\\features\\assets\\dossier-state.test.js:82:85)\n    at Promise.finally.completed (E:\\DUAN\\geoAI_web\\node_modules\\jest-circus\\build\\jestAdapterInit.js:1557:28)\n    at new Promise (<anonymous>)\n    at callAsyncCircusFn (E:\\DUAN\\geoAI_web\\node_modules\\jest-circus\\build\\jestAdapterInit.js:1497:10)\n    at _callCircusTest (E:\\DUAN\\geoAI_web\\node_modules\\jest-circus\\build\\jestAdapterInit.js:1007:40)\n    at processTicksAndRejections (node:internal/process/task_queues:104:5)\n    at _runTest (E:\\DUAN\\geoAI_web\\node_modules\\jest-circus\\build\\jestAdapterInit.js:947:3)\n    at E:\\DUAN\\geoAI_web\\node_modules\\jest-circus\\build\\jestAdapterInit.js:849:7\n    at _runTestsForDescribeBlock (E:\\DUAN\\geoAI_web\\node_modules\\jest-circus\\build\\jestAdapterInit.js:862:11)\n    at _runTestsForDescribeBlock (E:\\DUAN\\geoAI_web\\node_modules\\jest-circus\\build\\jestAdapterInit.js:857:11)\n    at run (E:\\DUAN\\geoAI_web\\node_modules\\jest-circus\\build\\jestAdapterInit.js:761:3)\n    at runAndTransformResultsToJestFormat (E:\\DUAN\\geoAI_web\\node_modules\\jest-circus\\build\\jestAdapterInit.js:1918:21)\n    at jestAdapter (E:\\DUAN\\geoAI_web\\node_modules\\jest-circus\\build\\runner.js:101:19)\n    at runTestInternal (E:\\DUAN\\geoAI_web\\node_modules\\jest-runner\\build\\testWorker.js:275:16)\n    at runTest (E:\\DUAN\\geoAI_web\\node_modules\\jest-runner\\build\\testWorker.js:343:7)\n    at Object.worker (E:\\DUAN\\geoAI_web\\node_modules\\jest-runner\\build\\testWorker.js:497:12)"],"fullName":"dossier-state builds warnings, search results, timeline, history, and export payload","invocations":1,"location":null,"numPassingAsserts":2,"retryReasons":[],"startAt":1779935917593,"status":"failed","title":"builds warnings, search results, timeline, history, and export payload"}],"endTime":1779935917639,"message":"  ● dossier-state › builds warnings, search results, timeline, history, and export payload\n\n    expect(received).toEqual(expected) // deep equality\n\n    - Expected  - 2\n    + Received  + 2\n\n      Array [\n        \"Repair\",\n        \"Needs repair\",\n    -   \"properties.update\",\n    -   \"status.update\",\n    +   \"Cập nhật tài sản\",\n    +   \"Cập nhật trạng thái\",\n      ]\n\n    \u001b[0m \u001b[90m 80 |\u001b[39m       expect\u001b[33m.\u001b[39mobjectContaining({ links\u001b[33m:\u001b[39m [expect\u001b[33m.\u001b[39mobjectContaining({ label\u001b[33m:\u001b[39m \u001b[32m\"Supplier ACME\"\u001b[39m })] })\u001b[33m,\u001b[39m\n     \u001b[90m 81 |\u001b[39m     )\u001b[33m;\u001b[39m\n    \u001b[31m\u001b[1m>\u001b[22m\u001b[39m\u001b[90m 82 |\u001b[39m     expect(buildDossierTimeline(withHistory\u001b[33m,\u001b[39m auditLogs)\u001b[33m.\u001b[39mmap((item) \u001b[33m=>\u001b[39m item\u001b[33m.\u001b[39maction))\u001b[33m.\u001b[39mtoEqual([\n     \u001b[90m    |\u001b[39m                                                                                     \u001b[31m\u001b[1m^\u001b[22m\u001b[39m\n     \u001b[90m 83 |\u001b[39m       \u001b[32m\"Repair\"\u001b[39m\u001b[33m,\u001b[39m\n     \u001b[90m 84 |\u001b[39m       \u001b[32m\"Needs repair\"\u001b[39m\u001b[33m,\u001b[39m\n     \u001b[90m 85 |\u001b[39m       \u001b[32m\"properties.update\"\u001b[39m\u001b[33m,\u001b[39m\u001b[0m\n\n      at Object.toEqual (src/features/assets/dossier-state.test.js:82:85)\n","name":"E:\\DUAN\\geoAI_web\\apps\\web\\src\\features\\assets\\dossier-state.test.js","startTime":1779935916489,"status":"failed","summary":""},{"assertionResults":[{"ancestorTitles":["data layers"],"duration":10,"failing":false,"failureDetails":[{"matcherResult":{"actual":0.75,"expected":0.85,"message":"expect(received).toBe(expected) // Object.is equality\n\nExpected: 0.85\nReceived: 0.75","name":"toBe","pass":false}}],"failureMessages":["Error: expect(received).toBe(expected) // Object.is equality\n\nExpected: 0.85\nReceived: 0.75\n    at Object.toBe (E:\\DUAN\\geoAI_web\\apps\\web\\src\\features\\map\\layers.test.js:29:47)\n    at Promise.finally.completed (E:\\DUAN\\geoAI_web\\node_modules\\jest-circus\\build\\jestAdapterInit.js:1557:28)\n    at new Promise (<anonymous>)\n    at callAsyncCircusFn (E:\\DUAN\\geoAI_web\\node_modules\\jest-circus\\build\\jestAdapterInit.js:1497:10)\n    at _callCircusTest (E:\\DUAN\\geoAI_web\\node_modules\\jest-circus\\build\\jestAdapterInit.js:1007:40)\n    at processTicksAndRejections (node:internal/process/task_queues:104:5)\n    at _runTest (E:\\DUAN\\geoAI_web\\node_modules\\jest-circus\\build\\jestAdapterInit.js:947:3)\n    at E:\\DUAN\\geoAI_web\\node_modules\\jest-circus\\build\\jestAdapterInit.js:849:7\n    at _runTestsForDescribeBlock (E:\\DUAN\\geoAI_web\\node_modules\\jest-circus\\build\\jestAdapterInit.js:862:11)\n    at _runTestsForDescribeBlock (E:\\DUAN\\geoAI_web\\node_modules\\jest-circus\\build\\jestAdapterInit.js:857:11)\n    at run (E:\\DUAN\\geoAI_web\\node_modules\\jest-circus\\build\\jestAdapterInit.js:761:3)\n    at runAndTransformResultsToJestFormat (E:\\DUAN\\geoAI_web\\node_modules\\jest-circus\\build\\jestAdapterInit.js:1918:21)\n    at jestAdapter (E:\\DUAN\\geoAI_web\\node_modules\\jest-circus\\build\\runner.js:101:19)\n    at runTestInternal (E:\\DUAN\\geoAI_web\\node_modules\\jest-runner\\build\\testWorker.js:275:16)\n    at runTest (E:\\DUAN\\geoAI_web\\node_modules\\jest-runner\\build\\testWorker.js:343:7)\n    at Object.worker (E:\\DUAN\\geoAI_web\\node_modules\\jest-runner\\build\\testWorker.js:497:12)"],"fullName":"data layers creates default visibility, opacity, and order from the catalog","invocations":1,"location":null,"numPassingAsserts":4,"retryReasons":[],"startAt":1779935917605,"status":"failed","title":"creates default visibility, opacity, and order from the catalog"},{"ancestorTitles":["data layers"],"duration":5,"failing":false,"failureDetails":[{"matcherResult":{"actual":[],"expected":["analysis-results"],"message":"expect(received).toEqual(expected) // deep equality\n\n- Expected  - 3\n+ Received  + 1\n\n- Array [\n-   \"analysis-results\",\n- ]\n+ Array []","name":"toEqual","pass":false}}],"failureMessages":["Error: expect(received).toEqual(expected) // deep equality\n\n- Expected  - 3\n+ Received  + 1\n\n- Array [\n-   \"analysis-results\",\n- ]\n+ Array []\n    at Object.toEqual (E:\\DUAN\\geoAI_web\\apps\\web\\src\\features\\map\\layers.test.js:35:47)\n    at Promise.finally.completed (E:\\DUAN\\geoAI_web\\node_modules\\jest-circus\\build\\jestAdapterInit.js:1557:28)\n    at new Promise (<anonymous>)\n    at callAsyncCircusFn (E:\\DUAN\\geoAI_web\\node_modules\\jest-circus\\build\\jestAdapterInit.js:1497:10)\n    at _callCircusTest (E:\\DUAN\\geoAI_web\\node_modules\\jest-circus\\build\\jestAdapterInit.js:1007:40)\n    at processTicksAndRejections (node:internal/process/task_queues:104:5)\n    at _runTest (E:\\DUAN\\geoAI_web\\node_modules\\jest-circus\\build\\jestAdapterInit.js:947:3)\n    at E:\\DUAN\\geoAI_web\\node_modules\\jest-circus\\build\\jestAdapterInit.js:849:7\n    at _runTestsForDescribeBlock (E:\\DUAN\\geoAI_web\\node_modules\\jest-circus\\build\\jestAdapterInit.js:862:11)\n    at _runTestsForDescribeBlock (E:\\DUAN\\geoAI_web\\node_modules\\jest-circus\\build\\jestAdapterInit.js:857:11)\n    at run (E:\\DUAN\\geoAI_web\\node_modules\\jest-circus\\build\\jestAdapterInit.js:761:3)\n    at runAndTransformResultsToJestFormat (E:\\DUAN\\geoAI_web\\node_modules\\jest-circus\\build\\jestAdapterInit.js:1918:21)\n    at jestAdapter (E:\\DUAN\\geoAI_web\\node_modules\\jest-circus\\build\\runner.js:101:19)\n    at runTestInternal (E:\\DUAN\\geoAI_web\\node_modules\\jest-runner\\build\\testWorker.js:275:16)\n    at runTest (E:\\DUAN\\geoAI_web\\node_modules\\jest-runner\\build\\testWorker.js:343:7)\n    at Object.worker (E:\\DUAN\\geoAI_web\\node_modules\\jest-runner\\build\\testWorker.js:497:12)"],"fullName":"data layers filters layers by label, group, source type, and keywords","invocations":1,"location":null,"numPassingAsserts":0,"retryReasons":[],"startAt":1779935917626,"status":"failed","title":"filters layers by label, group, source type, and keywords"},{"ancestorTitles":["data layers"],"duration":1,"failing":false,"failureDetails":[],"failureMessages":[],"fullName":"data layers validates external layer source configs","invocations":1,"location":null,"numPassingAsserts":3,"retryReasons":[],"startAt":1779935917632,"status":"passed","title":"validates external layer source configs"},{"ancestorTitles":["data layers"],"duration":1,"failing":false,"failureDetails":[],"failureMessages":[],"fullName":"data layers rejects incomplete external layer source configs","invocations":1,"location":null,"numPassingAsserts":3,"retryReasons":[],"startAt":1779935917633,"status":"passed","title":"rejects incomplete external layer source configs"},{"ancestorTitles":["data layers"],"duration":1,"failing":false,"failureDetails":[],"failureMessages":[],"fullName":"data layers validates GeoJSON payload shape","invocations":1,"location":null,"numPassingAsserts":3,"retryReasons":[],"startAt":1779935917635,"status":"passed","title":"validates GeoJSON payload shape"},{"ancestorTitles":["data layers"],"duration":12,"failing":false,"failureDetails":[{"matcherResult":{"actual":["admin-boundaries","demo-wms-states","analysis-results"],"expected":["admin-boundaries","analysis-results","demo-wms-states","analysis-results"],"message":"expect(received).toEqual(expected) // deep equality\n\n- Expected  - 1\n+ Received  + 0\n\n  Array [\n    \"admin-boundaries\",\n-   \"analysis-results\",\n    \"demo-wms-states\",\n    \"analysis-results\",\n  ]","name":"toEqual","pass":false}}],"failureMessages":["Error: expect(received).toEqual(expected) // deep equality\n\n- Expected  - 1\n+ Received  + 0\n\n  Array [\n    \"admin-boundaries\",\n-   \"analysis-results\",\n    \"demo-wms-states\",\n    \"analysis-results\",\n  ]\n    at Object.toEqual (E:\\DUAN\\geoAI_web\\apps\\web\\src\\features\\map\\layers.test.js:108:36)\n    at Promise.finally.completed (E:\\DUAN\\geoAI_web\\node_modules\\jest-circus\\build\\jestAdapterInit.js:1557:28)\n    at new Promise (<anonymous>)\n    at callAsyncCircusFn (E:\\DUAN\\geoAI_web\\node_modules\\jest-circus\\build\\jestAdapterInit.js:1497:10)\n    at _callCircusTest (E:\\DUAN\\geoAI_web\\node_modules\\jest-circus\\build\\jestAdapterInit.js:1007:40)\n    at processTicksAndRejections (node:internal/process/task_queues:104:5)\n    at _runTest (E:\\DUAN\\geoAI_web\\node_modules\\jest-circus\\build\\jestAdapterInit.js:947:3)\n    at E:\\DUAN\\geoAI_web\\node_modules\\jest-circus\\build\\jestAdapterInit.js:849:7\n    at _runTestsForDescribeBlock (E:\\DUAN\\geoAI_web\\node_modules\\jest-circus\\build\\jestAdapterInit.js:862:11)\n    at _runTestsForDescribeBlock (E:\\DUAN\\geoAI_web\\node_modules\\jest-circus\\build\\jestAdapterInit.js:857:11)\n    at run (E:\\DUAN\\geoAI_web\\node_modules\\jest-circus\\build\\jestAdapterInit.js:761:3)\n    at runAndTransformResultsToJestFormat (E:\\DUAN\\geoAI_web\\node_modules\\jest-circus\\build\\jestAdapterInit.js:1918:21)\n    at jestAdapter (E:\\DUAN\\geoAI_web\\node_modules\\jest-circus\\build\\runner.js:101:19)\n    at runTestInternal (E:\\DUAN\\geoAI_web\\node_modules\\jest-runner\\build\\testWorker.js:275:16)\n    at runTest (E:\\DUAN\\geoAI_web\\node_modules\\jest-runner\\build\\testWorker.js:343:7)\n    at Object.worker (E:\\DUAN\\geoAI_web\\node_modules\\jest-runner\\build\\testWorker.js:497:12)"],"fullName":"data layers selects a layer without hiding other layers","invocations":1,"location":null,"numPassingAsserts":3,"retryReasons":[],"startAt":1779935917636,"status":"failed","title":"selects a layer without hiding other layers"},{"ancestorTitles":["data layers"],"duration":1,"failing":false,"failureDetails":[{"matcherResult":{"actual":true,"expected":false,"message":"expect(received).toBe(expected) // Object.is equality\n\nExpected: false\nReceived: true","name":"toBe","pass":false}}],"failureMessages":["Error: expect(received).toBe(expected) // Object.is equality\n\nExpected: false\nReceived: true\n    at Object.toBe (E:\\DUAN\\geoAI_web\\apps\\web\\src\\features\\map\\layers.test.js:124:47)\n    at Promise.finally.completed (E:\\DUAN\\geoAI_web\\node_modules\\jest-circus\\build\\jestAdapterInit.js:1557:28)\n    at new Promise (<anonymous>)\n    at callAsyncCircusFn (E:\\DUAN\\geoAI_web\\node_modules\\jest-circus\\build\\jestAdapterInit.js:1497:10)\n    at _callCircusTest (E:\\DUAN\\geoAI_web\\node_modules\\jest-circus\\build\\jestAdapterInit.js:1007:40)\n    at processTicksAndRejections (node:internal/process/task_queues:104:5)\n    at _runTest (E:\\DUAN\\geoAI_web\\node_modules\\jest-circus\\build\\jestAdapterInit.js:947:3)\n    at E:\\DUAN\\geoAI_web\\node_modules\\jest-circus\\build\\jestAdapterInit.js:849:7\n    at _runTestsForDescribeBlock (E:\\DUAN\\geoAI_web\\node_modules\\jest-circus\\build\\jestAdapterInit.js:862:11)\n    at _runTestsForDescribeBlock (E:\\DUAN\\geoAI_web\\node_modules\\jest-circus\\build\\jestAdapterInit.js:857:11)\n    at run (E:\\DUAN\\geoAI_web\\node_modules\\jest-circus\\build\\jestAdapterInit.js:761:3)\n    at runAndTransformResultsToJestFormat (E:\\DUAN\\geoAI_web\\node_modules\\jest-circus\\build\\jestAdapterInit.js:1918:21)\n    at jestAdapter (E:\\DUAN\\geoAI_web\\node_modules\\jest-circus\\build\\runner.js:101:19)\n    at runTestInternal (E:\\DUAN\\geoAI_web\\node_modules\\jest-runner\\build\\testWorker.js:275:16)\n    at runTest (E:\\DUAN\\geoAI_web\\node_modules\\jest-runner\\build\\testWorker.js:343:7)\n    at Object.worker (E:\\DUAN\\geoAI_web\\node_modules\\jest-runner\\build\\testWorker.js:497:12)"],"fullName":"data layers focuses one scan layer without keeping unrelated layers visible","invocations":1,"location":null,"numPassingAsserts":1,"retryReasons":[],"startAt":1779935917648,"status":"failed","title":"focuses one scan layer without keeping unrelated layers visible"},{"ancestorTitles":["data layers"],"duration":2,"failing":false,"failureDetails":[],"failureMessages":[],"fullName":"data layers hides noisy catalog layers while preserving reference layers for standalone query overlays","invocations":1,"location":null,"numPassingAsserts":4,"retryReasons":[],"startAt":1779935917650,"status":"passed","title":"hides noisy catalog layers while preserving reference layers for standalone query overlays"},{"ancestorTitles":["data layers"],"duration":1,"failing":false,"failureDetails":[{"matcherResult":{"actual":false,"expected":true,"message":"expect(received).toBe(expected) // Object.is equality\n\nExpected: true\nReceived: false","name":"toBe","pass":false}}],"failureMessages":["Error: expect(received).toBe(expected) // Object.is equality\n\nExpected: true\nReceived: false\n    at Object.toBe (E:\\DUAN\\geoAI_web\\apps\\web\\src\\features\\map\\layers.test.js:150:47)\n    at Promise.finally.completed (E:\\DUAN\\geoAI_web\\node_modules\\jest-circus\\build\\jestAdapterInit.js:1557:28)\n    at new Promise (<anonymous>)\n    at callAsyncCircusFn (E:\\DUAN\\geoAI_web\\node_modules\\jest-circus\\build\\jestAdapterInit.js:1497:10)\n    at _callCircusTest (E:\\DUAN\\geoAI_web\\node_modules\\jest-circus\\build\\jestAdapterInit.js:1007:40)\n    at processTicksAndRejections (node:internal/process/task_queues:104:5)\n    at _runTest (E:\\DUAN\\geoAI_web\\node_modules\\jest-circus\\build\\jestAdapterInit.js:947:3)\n    at E:\\DUAN\\geoAI_web\\node_modules\\jest-circus\\build\\jestAdapterInit.js:849:7\n    at _runTestsForDescribeBlock (E:\\DUAN\\geoAI_web\\node_modules\\jest-circus\\build\\jestAdapterInit.js:862:11)\n    at _runTestsForDescribeBlock (E:\\DUAN\\geoAI_web\\node_modules\\jest-circus\\build\\jestAdapterInit.js:857:11)\n    at run (E:\\DUAN\\geoAI_web\\node_modules\\jest-circus\\build\\jestAdapterInit.js:761:3)\n    at runAndTransformResultsToJestFormat (E:\\DUAN\\geoAI_web\\node_modules\\jest-circus\\build\\jestAdapterInit.js:1918:21)\n    at jestAdapter (E:\\DUAN\\geoAI_web\\node_modules\\jest-circus\\build\\runner.js:101:19)\n    at runTestInternal (E:\\DUAN\\geoAI_web\\node_modules\\jest-runner\\build\\testWorker.js:275:16)\n    at runTest (E:\\DUAN\\geoAI_web\\node_modules\\jest-runner\\build\\testWorker.js:343:7)\n    at Object.worker (E:\\DUAN\\geoAI_web\\node_modules\\jest-runner\\build\\testWorker.js:497:12)"],"fullName":"data layers toggles layer visibility independently","invocations":1,"location":null,"numPassingAsserts":2,"retryReasons":[],"startAt":1779935917652,"status":"failed","title":"toggles layer visibility independently"},{"ancestorTitles":["data layers"],"duration":3,"failing":false,"failureDetails":[],"failureMessages":[],"fullName":"data layers toggles all layers in a group","invocations":1,"location":null,"numPassingAsserts":3,"retryReasons":[],"startAt":1779935917654,"status":"passed","title":"toggles all layers in a group"},{"ancestorTitles":["data layers"],"duration":1,"failing":false,"failureDetails":[],"failureMessages":[],"fullName":"data layers clamps opacity between 0.1 and 1","invocations":1,"location":null,"numPassingAsserts":2,"retryReasons":[],"startAt":1779935917657,"status":"passed","title":"clamps opacity between 0.1 and 1"},{"ancestorTitles":["data layers"],"duration":5,"failing":false,"failureDetails":[{"matcherResult":{"actual":"admin-boundaries","expected":"analysis-results","message":"expect(received).toBe(expected) // Object.is equality\n\nExpected: \"analysis-results\"\nReceived: \"admin-boundaries\"","name":"toBe","pass":false}}],"failureMessages":["Error: expect(received).toBe(expected) // Object.is equality\n\nExpected: \"analysis-results\"\nReceived: \"admin-boundaries\"\n    at Object.toBe (E:\\DUAN\\geoAI_web\\apps\\web\\src\\features\\map\\layers.test.js:180:28)\n    at Promise.finally.completed (E:\\DUAN\\geoAI_web\\node_modules\\jest-circus\\build\\jestAdapterInit.js:1557:28)\n    at new Promise (<anonymous>)\n    at callAsyncCircusFn (E:\\DUAN\\geoAI_web\\node_modules\\jest-circus\\build\\jestAdapterInit.js:1497:10)\n    at _callCircusTest (E:\\DUAN\\geoAI_web\\node_modules\\jest-circus\\build\\jestAdapterInit.js:1007:40)\n    at processTicksAndRejections (node:internal/process/task_queues:104:5)\n    at _runTest (E:\\DUAN\\geoAI_web\\node_modules\\jest-circus\\build\\jestAdapterInit.js:947:3)\n    at E:\\DUAN\\geoAI_web\\node_modules\\jest-circus\\build\\jestAdapterInit.js:849:7\n    at _runTestsForDescribeBlock (E:\\DUAN\\geoAI_web\\node_modules\\jest-circus\\build\\jestAdapterInit.js:862:11)\n    at _runTestsForDescribeBlock (E:\\DUAN\\geoAI_web\\node_modules\\jest-circus\\build\\jestAdapterInit.js:857:11)\n    at run (E:\\DUAN\\geoAI_web\\node_modules\\jest-circus\\build\\jestAdapterInit.js:761:3)\n    at runAndTransformResultsToJestFormat (E:\\DUAN\\geoAI_web\\node_modules\\jest-circus\\build\\jestAdapterInit.js:1918:21)\n    at jestAdapter (E:\\DUAN\\geoAI_web\\node_modules\\jest-circus\\build\\runner.js:101:19)\n    at runTestInternal (E:\\DUAN\\geoAI_web\\node_modules\\jest-runner\\build\\testWorker.js:275:16)\n    at runTest (E:\\DUAN\\geoAI_web\\node_modules\\jest-runner\\build\\testWorker.js:343:7)\n    at Object.worker (E:\\DUAN\\geoAI_web\\node_modules\\jest-runner\\build\\testWorker.js:497:12)"],"fullName":"data layers moves layers without losing ids","invocations":1,"location":null,"numPassingAsserts":0,"retryReasons":[],"startAt":1779935917659,"status":"failed","title":"moves layers without losing ids"},{"ancestorTitles":["data layers"],"duration":1,"failing":false,"failureDetails":[],"failureMessages":[],"fullName":"data layers reorders layers by dragging one layer onto another","invocations":1,"location":null,"numPassingAsserts":2,"retryReasons":[],"startAt":1779935917665,"status":"passed","title":"reorders layers by dragging one layer onto another"},{"ancestorTitles":["data layers"],"duration":1,"failing":false,"failureDetails":[],"failureMessages":[],"fullName":"data layers checks layer zoom thresholds","invocations":1,"location":null,"numPassingAsserts":2,"retryReasons":[],"startAt":1779935917666,"status":"passed","title":"checks layer zoom thresholds"},{"ancestorTitles":["data layers"],"duration":3,"failing":false,"failureDetails":[],"failureMessages":[],"fullName":"data layers reads valid stored state and ignores unknown layer ids","invocations":1,"location":null,"numPassingAsserts":6,"retryReasons":[],"startAt":1779935917667,"status":"passed","title":"reads valid stored state and ignores unknown layer ids"},{"ancestorTitles":["data layers"],"duration":1,"failing":false,"failureDetails":[{"matcherResult":{"actual":["analysis-results","admin-boundaries"],"expected":["analysis-results","admin-boundaries","analysis-results"],"message":"expect(received).toEqual(expected) // deep equality\n\n- Expected  - 1\n+ Received  + 0\n\n  Array [\n    \"analysis-results\",\n    \"admin-boundaries\",\n-   \"analysis-results\",\n  ]","name":"toEqual","pass":false}}],"failureMessages":["Error: expect(received).toEqual(expected) // deep equality\n\n- Expected  - 1\n+ Received  + 0\n\n  Array [\n    \"analysis-results\",\n    \"admin-boundaries\",\n-   \"analysis-results\",\n  ]\n    at Object.toEqual (E:\\DUAN\\geoAI_web\\apps\\web\\src\\features\\map\\layers.test.js:238:36)\n    at Promise.finally.completed (E:\\DUAN\\geoAI_web\\node_modules\\jest-circus\\build\\jestAdapterInit.js:1557:28)\n    at new Promise (<anonymous>)\n    at callAsyncCircusFn (E:\\DUAN\\geoAI_web\\node_modules\\jest-circus\\build\\jestAdapterInit.js:1497:10)\n    at _callCircusTest (E:\\DUAN\\geoAI_web\\node_modules\\jest-circus\\build\\jestAdapterInit.js:1007:40)\n    at processTicksAndRejections (node:internal/process/task_queues:104:5)\n    at _runTest (E:\\DUAN\\geoAI_web\\node_modules\\jest-circus\\build\\jestAdapterInit.js:947:3)\n    at E:\\DUAN\\geoAI_web\\node_modules\\jest-circus\\build\\jestAdapterInit.js:849:7\n    at _runTestsForDescribeBlock (E:\\DUAN\\geoAI_web\\node_modules\\jest-circus\\build\\jestAdapterInit.js:862:11)\n    at _runTestsForDescribeBlock (E:\\DUAN\\geoAI_web\\node_modules\\jest-circus\\build\\jestAdapterInit.js:857:11)\n    at run (E:\\DUAN\\geoAI_web\\node_modules\\jest-circus\\build\\jestAdapterInit.js:761:3)\n    at runAndTransformResultsToJestFormat (E:\\DUAN\\geoAI_web\\node_modules\\jest-circus\\build\\jestAdapterInit.js:1918:21)\n    at jestAdapter (E:\\DUAN\\geoAI_web\\node_modules\\jest-circus\\build\\runner.js:101:19)\n    at runTestInternal (E:\\DUAN\\geoAI_web\\node_modules\\jest-runner\\build\\testWorker.js:275:16)\n    at runTest (E:\\DUAN\\geoAI_web\\node_modules\\jest-runner\\build\\testWorker.js:343:7)\n    at Object.worker (E:\\DUAN\\geoAI_web\\node_modules\\jest-runner\\build\\testWorker.js:497:12)"],"fullName":"data layers preserves stored state with multiple visible layers","invocations":1,"location":null,"numPassingAsserts":0,"retryReasons":[],"startAt":1779935917670,"status":"failed","title":"preserves stored state with multiple visible layers"}],"endTime":1779935917729,"message":"  ● data layers › creates default visibility, opacity, and order from the catalog\n\n    expect(received).toBe(expected) // Object.is equality\n\n    Expected: 0.85\n    Received: 0.75\n\n    \u001b[0m \u001b[90m 27 |\u001b[39m     expect(state\u001b[33m.\u001b[39mvisible[\u001b[32m\"analysis-results\"\u001b[39m])\u001b[33m.\u001b[39mtoBe(\u001b[36mtrue\u001b[39m)\u001b[33m;\u001b[39m\n     \u001b[90m 28 |\u001b[39m     expect(state\u001b[33m.\u001b[39mvisible[\u001b[32m\"analysis-results\"\u001b[39m])\u001b[33m.\u001b[39mtoBe(\u001b[36mtrue\u001b[39m)\u001b[33m;\u001b[39m\n    \u001b[31m\u001b[1m>\u001b[22m\u001b[39m\u001b[90m 29 |\u001b[39m     expect(state\u001b[33m.\u001b[39mopacity[\u001b[32m\"analysis-results\"\u001b[39m])\u001b[33m.\u001b[39mtoBe(\u001b[35m0.85\u001b[39m)\u001b[33m;\u001b[39m\n     \u001b[90m    |\u001b[39m                                               \u001b[31m\u001b[1m^\u001b[22m\u001b[39m\n     \u001b[90m 30 |\u001b[39m   })\u001b[33m;\u001b[39m\n     \u001b[90m 31 |\u001b[39m\n     \u001b[90m 32 |\u001b[39m   it(\u001b[32m\"filters layers by label, group, source type, and keywords\"\u001b[39m\u001b[33m,\u001b[39m () \u001b[33m=>\u001b[39m {\u001b[0m\n\n      at Object.toBe (src/features/map/layers.test.js:29:47)\n\n  ● data layers › filters layers by label, group, source type, and keywords\n\n    expect(received).toEqual(expected) // deep equality\n\n    - Expected  - 3\n    + Received  + 1\n\n    - Array [\n    -   \"analysis-results\",\n    - ]\n    + Array []\n\n    \u001b[0m \u001b[90m 33 |\u001b[39m     \u001b[36mconst\u001b[39m filtered \u001b[33m=\u001b[39m filterLayersByQuery(\u001b[33mDATA_LAYERS\u001b[39m\u001b[33m,\u001b[39m \u001b[32m\"asset geojson\"\u001b[39m)\u001b[33m;\u001b[39m\n     \u001b[90m 34 |\u001b[39m\n    \u001b[31m\u001b[1m>\u001b[22m\u001b[39m\u001b[90m 35 |\u001b[39m     expect(filtered\u001b[33m.\u001b[39mmap((layer) \u001b[33m=>\u001b[39m layer\u001b[33m.\u001b[39mid))\u001b[33m.\u001b[39mtoEqual([\u001b[32m\"analysis-results\"\u001b[39m])\u001b[33m;\u001b[39m\n     \u001b[90m    |\u001b[39m                                               \u001b[31m\u001b[1m^\u001b[22m\u001b[39m\n     \u001b[90m 36 |\u001b[39m   })\u001b[33m;\u001b[39m\n     \u001b[90m 37 |\u001b[39m\n     \u001b[90m 38 |\u001b[39m   it(\u001b[32m\"validates external layer source configs\"\u001b[39m\u001b[33m,\u001b[39m () \u001b[33m=>\u001b[39m {\u001b[0m\n\n      at Object.toEqual (src/features/map/layers.test.js:35:47)\n\n  ● data layers › selects a layer without hiding other layers\n\n    expect(received).toEqual(expected) // deep equality\n\n    - Expected  - 1\n    + Received  + 0\n\n      Array [\n        \"admin-boundaries\",\n    -   \"analysis-results\",\n        \"demo-wms-states\",\n        \"analysis-results\",\n      ]\n\n    \u001b[0m \u001b[90m 106 |\u001b[39m     expect(state\u001b[33m.\u001b[39mvisible[\u001b[32m\"analysis-results\"\u001b[39m])\u001b[33m.\u001b[39mtoBe(\u001b[36mtrue\u001b[39m)\u001b[33m;\u001b[39m\n     \u001b[90m 107 |\u001b[39m     expect(state\u001b[33m.\u001b[39mvisible[\u001b[32m\"demo-wms-states\"\u001b[39m])\u001b[33m.\u001b[39mtoBe(\u001b[36mtrue\u001b[39m)\u001b[33m;\u001b[39m\n    \u001b[31m\u001b[1m>\u001b[22m\u001b[39m\u001b[90m 108 |\u001b[39m     expect(visibleLayerIds(state))\u001b[33m.\u001b[39mtoEqual([\n     \u001b[90m     |\u001b[39m                                    \u001b[31m\u001b[1m^\u001b[22m\u001b[39m\n     \u001b[90m 109 |\u001b[39m       \u001b[32m\"admin-boundaries\"\u001b[39m\u001b[33m,\u001b[39m\n     \u001b[90m 110 |\u001b[39m       \u001b[32m\"analysis-results\"\u001b[39m\u001b[33m,\u001b[39m\n     \u001b[90m 111 |\u001b[39m       \u001b[32m\"demo-wms-states\"\u001b[39m\u001b[33m,\u001b[39m\u001b[0m\n\n      at Object.toEqual (src/features/map/layers.test.js:108:36)\n\n  ● data layers › focuses one scan layer without keeping unrelated layers visible\n\n    expect(received).toBe(expected) // Object.is equality\n\n    Expected: false\n    Received: true\n\n    \u001b[0m \u001b[90m 122 |\u001b[39m\n     \u001b[90m 123 |\u001b[39m     expect(state\u001b[33m.\u001b[39mvisible[\u001b[32m\"admin-boundaries\"\u001b[39m])\u001b[33m.\u001b[39mtoBe(\u001b[36mtrue\u001b[39m)\u001b[33m;\u001b[39m\n    \u001b[31m\u001b[1m>\u001b[22m\u001b[39m\u001b[90m 124 |\u001b[39m     expect(state\u001b[33m.\u001b[39mvisible[\u001b[32m\"analysis-results\"\u001b[39m])\u001b[33m.\u001b[39mtoBe(\u001b[36mfalse\u001b[39m)\u001b[33m;\u001b[39m\n     \u001b[90m     |\u001b[39m                                               \u001b[31m\u001b[1m^\u001b[22m\u001b[39m\n     \u001b[90m 125 |\u001b[39m     expect(state\u001b[33m.\u001b[39mvisible[\u001b[32m\"demo-wms-states\"\u001b[39m])\u001b[33m.\u001b[39mtoBe(\u001b[36mfalse\u001b[39m)\u001b[33m;\u001b[39m\n     \u001b[90m 126 |\u001b[39m     expect(state\u001b[33m.\u001b[39mvisible[\u001b[32m\"osm-template-overlay\"\u001b[39m])\u001b[33m.\u001b[39mtoBe(\u001b[36mfalse\u001b[39m)\u001b[33m;\u001b[39m\n     \u001b[90m 127 |\u001b[39m     expect(state\u001b[33m.\u001b[39mvisible[\u001b[32m\"analysis-results\"\u001b[39m])\u001b[33m.\u001b[39mtoBe(\u001b[36mtrue\u001b[39m)\u001b[33m;\u001b[39m\u001b[0m\n\n      at Object.toBe (src/features/map/layers.test.js:124:47)\n\n  ● data layers › toggles layer visibility independently\n\n    expect(received).toBe(expected) // Object.is equality\n\n    Expected: true\n    Received: false\n\n    \u001b[0m \u001b[90m 148 |\u001b[39m     expect(state\u001b[33m.\u001b[39mvisible[\u001b[32m\"admin-boundaries\"\u001b[39m])\u001b[33m.\u001b[39mtoBe(\u001b[36mtrue\u001b[39m)\u001b[33m;\u001b[39m\n     \u001b[90m 149 |\u001b[39m     expect(state\u001b[33m.\u001b[39mvisible[\u001b[32m\"analysis-results\"\u001b[39m])\u001b[33m.\u001b[39mtoBe(\u001b[36mfalse\u001b[39m)\u001b[33m;\u001b[39m\n    \u001b[31m\u001b[1m>\u001b[22m\u001b[39m\u001b[90m 150 |\u001b[39m     expect(state\u001b[33m.\u001b[39mvisible[\u001b[32m\"analysis-results\"\u001b[39m])\u001b[33m.\u001b[39mtoBe(\u001b[36mtrue\u001b[39m)\u001b[33m;\u001b[39m\n     \u001b[90m     |\u001b[39m                                               \u001b[31m\u001b[1m^\u001b[22m\u001b[39m\n     \u001b[90m 151 |\u001b[39m     expect(visibleLayerIds(state))\u001b[33m.\u001b[39mtoEqual([\u001b[32m\"admin-boundaries\"\u001b[39m\u001b[33m,\u001b[39m \u001b[32m\"analysis-results\"\u001b[39m])\u001b[33m;\u001b[39m\n     \u001b[90m 152 |\u001b[39m   })\u001b[33m;\u001b[39m\n     \u001b[90m 153 |\u001b[39m\u001b[0m\n\n      at Object.toBe (src/features/map/layers.test.js:150:47)\n\n  ● data layers › moves layers without losing ids\n\n    expect(received).toBe(expected) // Object.is equality\n\n    Expected: \"analysis-results\"\n    Received: \"admin-boundaries\"\n\n    \u001b[0m \u001b[90m 178 |\u001b[39m     \u001b[36mconst\u001b[39m moved \u001b[33m=\u001b[39m moveLayer(state\u001b[33m,\u001b[39m \u001b[32m\"analysis-results\"\u001b[39m\u001b[33m,\u001b[39m \u001b[33m-\u001b[39m\u001b[35m1\u001b[39m)\u001b[33m;\u001b[39m\n     \u001b[90m 179 |\u001b[39m\n    \u001b[31m\u001b[1m>\u001b[22m\u001b[39m\u001b[90m 180 |\u001b[39m     expect(moved\u001b[33m.\u001b[39morder[\u001b[35m0\u001b[39m])\u001b[33m.\u001b[39mtoBe(\u001b[32m\"analysis-results\"\u001b[39m)\u001b[33m;\u001b[39m\n     \u001b[90m     |\u001b[39m                            \u001b[31m\u001b[1m^\u001b[22m\u001b[39m\n     \u001b[90m 181 |\u001b[39m     expect(moved\u001b[33m.\u001b[39morder\u001b[33m.\u001b[39mtoSorted())\u001b[33m.\u001b[39mtoEqual(state\u001b[33m.\u001b[39morder\u001b[33m.\u001b[39mtoSorted())\u001b[33m;\u001b[39m\n     \u001b[90m 182 |\u001b[39m   })\u001b[33m;\u001b[39m\n     \u001b[90m 183 |\u001b[39m\u001b[0m\n\n      at Object.toBe (src/features/map/layers.test.js:180:28)\n\n  ● data layers › preserves stored state with multiple visible layers\n\n    expect(received).toEqual(expected) // deep equality\n\n    - Expected  - 1\n    + Received  + 0\n\n      Array [\n        \"analysis-results\",\n        \"admin-boundaries\",\n    -   \"analysis-results\",\n      ]\n\n    \u001b[0m \u001b[90m 236 |\u001b[39m     \u001b[36mconst\u001b[39m state \u001b[33m=\u001b[39m readStoredLayerState(storage\u001b[33m,\u001b[39m \u001b[33mDATA_LAYERS\u001b[39m)\u001b[33m;\u001b[39m\n     \u001b[90m 237 |\u001b[39m\n    \u001b[31m\u001b[1m>\u001b[22m\u001b[39m\u001b[90m 238 |\u001b[39m     expect(visibleLayerIds(state))\u001b[33m.\u001b[39mtoEqual([\n     \u001b[90m     |\u001b[39m                                    \u001b[31m\u001b[1m^\u001b[22m\u001b[39m\n     \u001b[90m 239 |\u001b[39m       \u001b[32m\"analysis-results\"\u001b[39m\u001b[33m,\u001b[39m\n     \u001b[90m 240 |\u001b[39m       \u001b[32m\"admin-boundaries\"\u001b[39m\u001b[33m,\u001b[39m\n     \u001b[90m 241 |\u001b[39m       \u001b[32m\"analysis-results\"\u001b[39m\u001b[0m\n\n      at Object.toEqual (src/features/map/layers.test.js:238:36)\n","name":"E:\\DUAN\\geoAI_web\\apps\\web\\src\\features\\map\\layers.test.js","startTime":1779935916497,"status":"failed","summary":""},{"assertionResults":[{"ancestorTitles":["asset display helpers"],"duration":13,"failing":false,"failureDetails":[{"matcherResult":{"actual":["DN-LGT-001","DN-RD-014"],"expected":["DN-LGT-001"],"message":"expect(received).toEqual(expected) // deep equality\n\n- Expected  - 0\n+ Received  + 1\n\n  Array [\n    \"DN-LGT-001\",\n+   \"DN-RD-014\",\n  ]","name":"toEqual","pass":false}}],"failureMessages":["Error: expect(received).toEqual(expected) // deep equality\n\n- Expected  - 0\n+ Received  + 1\n\n  Array [\n    \"DN-LGT-001\",\n+   \"DN-RD-014\",\n  ]\n    at Object.toEqual (E:\\DUAN\\geoAI_web\\apps\\web\\src\\features\\map\\assets.test.js:40:64)\n    at Promise.finally.completed (E:\\DUAN\\geoAI_web\\node_modules\\jest-circus\\build\\jestAdapterInit.js:1557:28)\n    at new Promise (<anonymous>)\n    at callAsyncCircusFn (E:\\DUAN\\geoAI_web\\node_modules\\jest-circus\\build\\jestAdapterInit.js:1497:10)\n    at _callCircusTest (E:\\DUAN\\geoAI_web\\node_modules\\jest-circus\\build\\jestAdapterInit.js:1007:40)\n    at processTicksAndRejections (node:internal/process/task_queues:104:5)\n    at _runTest (E:\\DUAN\\geoAI_web\\node_modules\\jest-circus\\build\\jestAdapterInit.js:947:3)\n    at E:\\DUAN\\geoAI_web\\node_modules\\jest-circus\\build\\jestAdapterInit.js:849:7\n    at _runTestsForDescribeBlock (E:\\DUAN\\geoAI_web\\node_modules\\jest-circus\\build\\jestAdapterInit.js:862:11)\n    at _runTestsForDescribeBlock (E:\\DUAN\\geoAI_web\\node_modules\\jest-circus\\build\\jestAdapterInit.js:857:11)\n    at run (E:\\DUAN\\geoAI_web\\node_modules\\jest-circus\\build\\jestAdapterInit.js:761:3)\n    at runAndTransformResultsToJestFormat (E:\\DUAN\\geoAI_web\\node_modules\\jest-circus\\build\\jestAdapterInit.js:1918:21)\n    at jestAdapter (E:\\DUAN\\geoAI_web\\node_modules\\jest-circus\\build\\runner.js:101:19)\n    at runTestInternal (E:\\DUAN\\geoAI_web\\node_modules\\jest-runner\\build\\testWorker.js:275:16)\n    at runTest (E:\\DUAN\\geoAI_web\\node_modules\\jest-runner\\build\\testWorker.js:343:7)\n    at Object.worker (E:\\DUAN\\geoAI_web\\node_modules\\jest-runner\\build\\testWorker.js:497:12)"],"fullName":"asset display helpers filters point assets to a bbox","invocations":1,"location":null,"numPassingAsserts":0,"retryReasons":[],"startAt":1779935917789,"status":"failed","title":"filters point assets to a bbox"},{"ancestorTitles":["asset display helpers"],"duration":1,"failing":false,"failureDetails":[],"failureMessages":[],"fullName":"asset display helpers derives marker color and status metadata","invocations":1,"location":null,"numPassingAsserts":2,"retryReasons":[],"startAt":1779935917812,"status":"passed","title":"derives marker color and status metadata"},{"ancestorTitles":["asset display helpers"],"duration":0,"failing":false,"failureDetails":[],"failureMessages":[],"fullName":"asset display helpers keeps role-gated popup fields out for regular users","invocations":1,"location":null,"numPassingAsserts":1,"retryReasons":[],"startAt":1779935917814,"status":"passed","title":"keeps role-gated popup fields out for regular users"},{"ancestorTitles":["asset display helpers"],"duration":1,"failing":false,"failureDetails":[],"failureMessages":[],"fullName":"asset display helpers allows advanced popup fields for asset import/export users","invocations":1,"location":null,"numPassingAsserts":1,"retryReasons":[],"startAt":1779935917814,"status":"passed","title":"allows advanced popup fields for asset import/export users"},{"ancestorTitles":["asset display helpers"],"duration":2,"failing":false,"failureDetails":[],"failureMessages":[],"fullName":"asset display helpers sanitizes stored display config","invocations":1,"location":null,"numPassingAsserts":2,"retryReasons":[],"startAt":1779935917815,"status":"passed","title":"sanitizes stored display config"},{"ancestorTitles":["asset display helpers"],"duration":3,"failing":false,"failureDetails":[{"matcherResult":{"message":"expect(received).toMatchObject(expected)\n\n- Expected  - 2\n+ Received  + 1\n\n  Object {\n-   \"count\": 2,\n-   \"kind\": \"cluster\",\n+   \"kind\": \"asset\",\n  }","pass":false}}],"failureMessages":["Error: expect(received).toMatchObject(expected)\n\n- Expected  - 2\n+ Received  + 1\n\n  Object {\n-   \"count\": 2,\n-   \"kind\": \"cluster\",\n+   \"kind\": \"asset\",\n  }\n    at Object.toMatchObject (E:\\DUAN\\geoAI_web\\apps\\web\\src\\features\\map\\assets.test.js:95:26)\n    at Promise.finally.completed (E:\\DUAN\\geoAI_web\\node_modules\\jest-circus\\build\\jestAdapterInit.js:1557:28)\n    at new Promise (<anonymous>)\n    at callAsyncCircusFn (E:\\DUAN\\geoAI_web\\node_modules\\jest-circus\\build\\jestAdapterInit.js:1497:10)\n    at _callCircusTest (E:\\DUAN\\geoAI_web\\node_modules\\jest-circus\\build\\jestAdapterInit.js:1007:40)\n    at processTicksAndRejections (node:internal/process/task_queues:104:5)\n    at _runTest (E:\\DUAN\\geoAI_web\\node_modules\\jest-circus\\build\\jestAdapterInit.js:947:3)\n    at E:\\DUAN\\geoAI_web\\node_modules\\jest-circus\\build\\jestAdapterInit.js:849:7\n    at _runTestsForDescribeBlock (E:\\DUAN\\geoAI_web\\node_modules\\jest-circus\\build\\jestAdapterInit.js:862:11)\n    at _runTestsForDescribeBlock (E:\\DUAN\\geoAI_web\\node_modules\\jest-circus\\build\\jestAdapterInit.js:857:11)\n    at run (E:\\DUAN\\geoAI_web\\node_modules\\jest-circus\\build\\jestAdapterInit.js:761:3)\n    at runAndTransformResultsToJestFormat (E:\\DUAN\\geoAI_web\\node_modules\\jest-circus\\build\\jestAdapterInit.js:1918:21)\n    at jestAdapter (E:\\DUAN\\geoAI_web\\node_modules\\jest-circus\\build\\runner.js:101:19)\n    at runTestInternal (E:\\DUAN\\geoAI_web\\node_modules\\jest-runner\\build\\testWorker.js:275:16)\n    at runTest (E:\\DUAN\\geoAI_web\\node_modules\\jest-runner\\build\\testWorker.js:343:7)\n    at Object.worker (E:\\DUAN\\geoAI_web\\node_modules\\jest-runner\\build\\testWorker.js:497:12)"],"fullName":"asset display helpers clusters nearby assets at low zoom","invocations":1,"location":null,"numPassingAsserts":0,"retryReasons":[],"startAt":1779935917818,"status":"failed","title":"clusters nearby assets at low zoom"}],"endTime":1779935917849,"message":"  ● asset display helpers › filters point assets to a bbox\n\n    expect(received).toEqual(expected) // deep equality\n\n    - Expected  - 0\n    + Received  + 1\n\n      Array [\n        \"DN-LGT-001\",\n    +   \"DN-RD-014\",\n      ]\n\n    \u001b[0m \u001b[90m 38 |\u001b[39m     \u001b[36mconst\u001b[39m filtered \u001b[33m=\u001b[39m filterAssetsByBbox(assets\u001b[33m,\u001b[39m [\u001b[35m108.1\u001b[39m\u001b[33m,\u001b[39m \u001b[35m16\u001b[39m\u001b[33m,\u001b[39m \u001b[35m108.3\u001b[39m\u001b[33m,\u001b[39m \u001b[35m16.2\u001b[39m])\u001b[33m;\u001b[39m\n     \u001b[90m 39 |\u001b[39m\n    \u001b[31m\u001b[1m>\u001b[22m\u001b[39m\u001b[90m 40 |\u001b[39m     expect(filtered\u001b[33m.\u001b[39mmap((feature) \u001b[33m=>\u001b[39m feature\u001b[33m.\u001b[39mproperties\u001b[33m.\u001b[39mcode))\u001b[33m.\u001b[39mtoEqual([\u001b[32m\"DN-LGT-001\"\u001b[39m])\u001b[33m;\u001b[39m\n     \u001b[90m    |\u001b[39m                                                                \u001b[31m\u001b[1m^\u001b[22m\u001b[39m\n     \u001b[90m 41 |\u001b[39m   })\u001b[33m;\u001b[39m\n     \u001b[90m 42 |\u001b[39m\n     \u001b[90m 43 |\u001b[39m   it(\u001b[32m\"derives marker color and status metadata\"\u001b[39m\u001b[33m,\u001b[39m () \u001b[33m=>\u001b[39m {\u001b[0m\n\n      at Object.toEqual (src/features/map/assets.test.js:40:64)\n\n  ● asset display helpers › clusters nearby assets at low zoom\n\n    expect(received).toMatchObject(expected)\n\n    - Expected  - 2\n    + Received  + 1\n\n      Object {\n    -   \"count\": 2,\n    -   \"kind\": \"cluster\",\n    +   \"kind\": \"asset\",\n      }\n\n    \u001b[0m \u001b[90m 93 |\u001b[39m     \u001b[36mconst\u001b[39m unclustered \u001b[33m=\u001b[39m clusterAssets(assets\u001b[33m,\u001b[39m \u001b[35m15\u001b[39m)\u001b[33m;\u001b[39m\n     \u001b[90m 94 |\u001b[39m\n    \u001b[31m\u001b[1m>\u001b[22m\u001b[39m\u001b[90m 95 |\u001b[39m     expect(clustered[\u001b[35m0\u001b[39m])\u001b[33m.\u001b[39mtoMatchObject({ kind\u001b[33m:\u001b[39m \u001b[32m\"cluster\"\u001b[39m\u001b[33m,\u001b[39m count\u001b[33m:\u001b[39m \u001b[35m2\u001b[39m })\u001b[33m;\u001b[39m\n     \u001b[90m    |\u001b[39m                          \u001b[31m\u001b[1m^\u001b[22m\u001b[39m\n     \u001b[90m 96 |\u001b[39m     expect(unclustered)\u001b[33m.\u001b[39mtoHaveLength(\u001b[35m2\u001b[39m)\u001b[33m;\u001b[39m\n     \u001b[90m 97 |\u001b[39m     expect(createDefaultAssetDisplayConfig()\u001b[33m.\u001b[39mpopupFields)\u001b[33m.\u001b[39mtoContain(\u001b[32m\"code\"\u001b[39m)\u001b[33m;\u001b[39m\n     \u001b[90m 98 |\u001b[39m   })\u001b[33m;\u001b[39m\u001b[0m\n\n      at Object.toMatchObject (src/features/map/assets.test.js:95:26)\n","name":"E:\\DUAN\\geoAI_web\\apps\\web\\src\\features\\map\\assets.test.js","startTime":1779935916627,"status":"failed","summary":""},{"assertionResults":[{"ancestorTitles":["AssetForm"],"duration":690,"failing":false,"failureDetails":[],"failureMessages":[],"fullName":"AssetForm creates a property with form values","invocations":1,"location":null,"numPassingAsserts":4,"retryReasons":[],"startAt":1779935917787,"status":"passed","title":"creates a property with form values"},{"ancestorTitles":["AssetForm"],"duration":122,"failing":false,"failureDetails":[{}],"failureMessages":["TypeError: Cannot read properties of undefined (reading 'body')\n    at Object.body (E:\\DUAN\\geoAI_web\\apps\\web\\components\\__tests__\\AssetForm.test.js:88:46)"],"fullName":"AssetForm updates an existing property by id","invocations":1,"location":null,"numPassingAsserts":2,"retryReasons":[],"startAt":1779935918478,"status":"failed","title":"updates an existing property by id"}],"endTime":1779935918633,"message":"  ● AssetForm › updates an existing property by id\n\n    TypeError: Cannot read properties of undefined (reading 'body')\n\n    \u001b[0m \u001b[90m 86 |\u001b[39m       body\u001b[33m:\u001b[39m expect\u001b[33m.\u001b[39many(\u001b[33mString\u001b[39m)\n     \u001b[90m 87 |\u001b[39m     })\u001b[33m;\u001b[39m\n    \u001b[31m\u001b[1m>\u001b[22m\u001b[39m\u001b[90m 88 |\u001b[39m     expect(\u001b[33mJSON\u001b[39m\u001b[33m.\u001b[39mparse(fetch\u001b[33m.\u001b[39mmock\u001b[33m.\u001b[39mcalls[\u001b[35m0\u001b[39m][\u001b[35m1\u001b[39m]\u001b[33m.\u001b[39mbody))\u001b[33m.\u001b[39mtoMatchObject({\n     \u001b[90m    |\u001b[39m                                              \u001b[31m\u001b[1m^\u001b[22m\u001b[39m\n     \u001b[90m 89 |\u001b[39m       name\u001b[33m:\u001b[39m \u001b[32m\"Nhà làm việc A\"\u001b[39m\u001b[33m,\u001b[39m\n     \u001b[90m 90 |\u001b[39m       status\u001b[33m:\u001b[39m \u001b[32m\"REVIEW\"\u001b[39m\n     \u001b[90m 91 |\u001b[39m     })\u001b[33m;\u001b[39m\u001b[0m\n\n      at Object.body (components/__tests__/AssetForm.test.js:88:46)\n","name":"E:\\DUAN\\geoAI_web\\apps\\web\\components\\__tests__\\AssetForm.test.js","startTime":1779935916432,"status":"failed","summary":""},{"assertionResults":[{"ancestorTitles":["LayerPanel"],"duration":455,"failing":false,"failureDetails":[],"failureMessages":[],"fullName":"LayerPanel lists layers and calls visibility, opacity, order, and refresh actions","invocations":1,"location":null,"numPassingAsserts":6,"retryReasons":[],"startAt":1779935918008,"status":"passed","title":"lists layers and calls visibility, opacity, order, and refresh actions"},{"ancestorTitles":["LayerPanel"],"duration":54,"failing":false,"failureDetails":[],"failureMessages":[],"fullName":"LayerPanel renders layer errors from status objects","invocations":1,"location":null,"numPassingAsserts":1,"retryReasons":[],"startAt":1779935918465,"status":"passed","title":"renders layer errors from status objects"},{"ancestorTitles":["LayerPanel"],"duration":103,"failing":false,"failureDetails":[],"failureMessages":[],"fullName":"LayerPanel disables layer management controls when the user cannot manage layers","invocations":1,"location":null,"numPassingAsserts":3,"retryReasons":[],"startAt":1779935918519,"status":"passed","title":"disables layer management controls when the user cannot manage layers"},{"ancestorTitles":["LayerPanel"],"duration":101,"failing":false,"failureDetails":[],"failureMessages":[],"fullName":"LayerPanel renders recent layer operation history and export action for managers","invocations":1,"location":null,"numPassingAsserts":2,"retryReasons":[],"startAt":1779935918622,"status":"passed","title":"renders recent layer operation history and export action for managers"},{"ancestorTitles":["LayerPanel"],"duration":43,"failing":false,"failureDetails":[],"failureMessages":[],"fullName":"LayerPanel renders visible layer error alerts","invocations":1,"location":null,"numPassingAsserts":1,"retryReasons":[],"startAt":1779935918723,"status":"passed","title":"renders visible layer error alerts"},{"ancestorTitles":["LayerPanel"],"duration":139,"failing":false,"failureDetails":[],"failureMessages":[],"fullName":"LayerPanel selects groups and supports drag reorder","invocations":1,"location":null,"numPassingAsserts":2,"retryReasons":[],"startAt":1779935918766,"status":"passed","title":"selects groups and supports drag reorder"},{"ancestorTitles":["LayerPanel"],"duration":112,"failing":false,"failureDetails":[],"failureMessages":[],"fullName":"LayerPanel filters the layer list by search query","invocations":1,"location":null,"numPassingAsserts":2,"retryReasons":[],"startAt":1779935918906,"status":"passed","title":"filters the layer list by search query"}],"endTime":1779935919020,"message":"","name":"E:\\DUAN\\geoAI_web\\apps\\web\\src\\features\\map\\LayerPanel.test.js","startTime":1779935916590,"status":"passed","summary":""},{"assertionResults":[{"ancestorTitles":["MapWrapper export and share tools"],"duration":756,"failing":false,"failureDetails":[],"failureMessages":[],"fullName":"MapWrapper export and share tools renders export/share tools when permissions are present","invocations":1,"location":null,"numPassingAsserts":2,"retryReasons":[],"startAt":1779935918291,"status":"passed","title":"renders export/share tools when permissions are present"},{"ancestorTitles":["MapWrapper export and share tools"],"duration":161,"failing":false,"failureDetails":[],"failureMessages":[],"fullName":"MapWrapper export and share tools hides export/share tools without permissions","invocations":1,"location":null,"numPassingAsserts":1,"retryReasons":[],"startAt":1779935919055,"status":"passed","title":"hides export/share tools without permissions"}],"endTime":1779935919224,"message":"","name":"E:\\DUAN\\geoAI_web\\apps\\web\\components\\__tests__\\MapWrapperExport.test.js","startTime":1779935916639,"status":"passed","summary":""},{"assertionResults":[{"ancestorTitles":["MapWrapper property search stability"],"duration":672,"failing":false,"failureDetails":[],"failureMessages":[],"fullName":"MapWrapper property search stability aborts an in-flight property search when a new one starts","invocations":1,"location":null,"numPassingAsserts":2,"retryReasons":[],"startAt":1779935918330,"status":"passed","title":"aborts an in-flight property search when a new one starts"},{"ancestorTitles":["MapWrapper property search stability"],"duration":386,"failing":false,"failureDetails":[],"failureMessages":[],"fullName":"MapWrapper property search stability shows a timeout status and aborts a property search after the UI deadline","invocations":1,"location":null,"numPassingAsserts":3,"retryReasons":[],"startAt":1779935919005,"status":"passed","title":"shows a timeout status and aborts a property search after the UI deadline"}],"endTime":1779935919394,"message":"","name":"E:\\DUAN\\geoAI_web\\apps\\web\\components\\__tests__\\MapWrapperPropertySearch.test.js","startTime":1779935916575,"status":"passed","summary":""},{"assertionResults":[{"ancestorTitles":["MapWrapper measurement tools"],"duration":689,"failing":false,"failureDetails":[],"failureMessages":[],"fullName":"MapWrapper measurement tools renders measurement tools and passes mode to Map when permission is present","invocations":1,"location":null,"numPassingAsserts":2,"retryReasons":[],"startAt":1779935918514,"status":"passed","title":"renders measurement tools and passes mode to Map when permission is present"},{"ancestorTitles":["MapWrapper measurement tools"],"duration":300,"failing":false,"failureDetails":[],"failureMessages":[],"fullName":"MapWrapper measurement tools hides measurement tools when permission is missing","invocations":1,"location":null,"numPassingAsserts":2,"retryReasons":[],"startAt":1779935919204,"status":"passed","title":"hides measurement tools when permission is missing"}],"endTime":1779935919510,"message":"","name":"E:\\DUAN\\geoAI_web\\apps\\web\\components\\__tests__\\MapWrapperMeasurement.test.js","startTime":1779935916575,"status":"passed","summary":""},{"assertionResults":[{"ancestorTitles":["MapWrapper spatial draw tools"],"duration":724,"failing":false,"failureDetails":[],"failureMessages":[],"fullName":"MapWrapper spatial draw tools renders spatial draw tools and passes mode to Map when permission is present","invocations":1,"location":null,"numPassingAsserts":3,"retryReasons":[],"startAt":1779935918293,"status":"passed","title":"renders spatial draw tools and passes mode to Map when permission is present"},{"ancestorTitles":["MapWrapper spatial draw tools"],"duration":208,"failing":false,"failureDetails":[],"failureMessages":[],"fullName":"MapWrapper spatial draw tools hides spatial draw tools when permission is missing","invocations":1,"location":null,"numPassingAsserts":2,"retryReasons":[],"startAt":1779935919019,"status":"passed","title":"hides spatial draw tools when permission is missing"},{"ancestorTitles":["MapWrapper spatial draw tools"],"duration":291,"failing":false,"failureDetails":[],"failureMessages":[],"fullName":"MapWrapper spatial draw tools restores local spatial draft","invocations":1,"location":null,"numPassingAsserts":2,"retryReasons":[],"startAt":1779935919233,"status":"passed","title":"restores local spatial draft"}],"endTime":1779935919532,"message":"","name":"E:\\DUAN\\geoAI_web\\apps\\web\\components\\__tests__\\MapWrapperSpatialDraw.test.js","startTime":1779935916566,"status":"passed","summary":""},{"assertionResults":[{"ancestorTitles":["UserRoleDashboard - Vietnamese Display","Property 5: Admin Pages Display Only Vietnamese Text"],"duration":194,"failing":false,"failureDetails":[],"failureMessages":[],"fullName":"UserRoleDashboard - Vietnamese Display Property 5: Admin Pages Display Only Vietnamese Text renders all role labels in Vietnamese","invocations":1,"location":null,"numPassingAsserts":5,"retryReasons":[],"startAt":1779935918200,"status":"passed","title":"renders all role labels in Vietnamese"},{"ancestorTitles":["UserRoleDashboard - Vietnamese Display","Property 5: Admin Pages Display Only Vietnamese Text"],"duration":249,"failing":false,"failureDetails":[],"failureMessages":[],"fullName":"UserRoleDashboard - Vietnamese Display Property 5: Admin Pages Display Only Vietnamese Text renders all buttons in Vietnamese","invocations":1,"location":null,"numPassingAsserts":4,"retryReasons":[],"startAt":1779935918394,"status":"passed","title":"renders all buttons in Vietnamese"},{"ancestorTitles":["UserRoleDashboard - Vietnamese Display","Property 5: Admin Pages Display Only Vietnamese Text"],"duration":73,"failing":false,"failureDetails":[],"failureMessages":[],"fullName":"UserRoleDashboard - Vietnamese Display Property 5: Admin Pages Display Only Vietnamese Text renders user information labels in Vietnamese","invocations":1,"location":null,"numPassingAsserts":6,"retryReasons":[],"startAt":1779935918643,"status":"passed","title":"renders user information labels in Vietnamese"},{"ancestorTitles":["UserRoleDashboard - Vietnamese Display","Property 5: Admin Pages Display Only Vietnamese Text"],"duration":8,"failing":false,"failureDetails":[],"failureMessages":[],"fullName":"UserRoleDashboard - Vietnamese Display Property 5: Admin Pages Display Only Vietnamese Text renders loading state message in Vietnamese","invocations":1,"location":null,"numPassingAsserts":2,"retryReasons":[],"startAt":1779935918716,"status":"passed","title":"renders loading state message in Vietnamese"},{"ancestorTitles":["UserRoleDashboard - Vietnamese Display","Property 5: Admin Pages Display Only Vietnamese Text"],"duration":5,"failing":false,"failureDetails":[],"failureMessages":[],"fullName":"UserRoleDashboard - Vietnamese Display Property 5: Admin Pages Display Only Vietnamese Text renders empty state message in Vietnamese","invocations":1,"location":null,"numPassingAsserts":2,"retryReasons":[],"startAt":1779935918725,"status":"passed","title":"renders empty state message in Vietnamese"},{"ancestorTitles":["UserRoleDashboard - Vietnamese Display","Property 5: Admin Pages Display Only Vietnamese Text"],"duration":128,"failing":false,"failureDetails":[],"failureMessages":[],"fullName":"UserRoleDashboard - Vietnamese Display Property 5: Admin Pages Display Only Vietnamese Text renders retry button in Vietnamese","invocations":1,"location":null,"numPassingAsserts":2,"retryReasons":[],"startAt":1779935918730,"status":"passed","title":"renders retry button in Vietnamese"},{"ancestorTitles":["UserRoleDashboard - Vietnamese Display","Property 7: All Application UI Elements Are Vietnamese"],"duration":23,"failing":false,"failureDetails":[],"failureMessages":[],"fullName":"UserRoleDashboard - Vietnamese Display Property 7: All Application UI Elements Are Vietnamese displays all user dashboard elements in Vietnamese","invocations":1,"location":null,"numPassingAsserts":5,"retryReasons":[],"startAt":1779935918858,"status":"passed","title":"displays all user dashboard elements in Vietnamese"},{"ancestorTitles":["UserRoleDashboard - Vietnamese Display","Property 7: All Application UI Elements Are Vietnamese"],"duration":130,"failing":false,"failureDetails":[],"failureMessages":[],"fullName":"UserRoleDashboard - Vietnamese Display Property 7: All Application UI Elements Are Vietnamese maintains consistent Vietnamese terminology across all users","invocations":1,"location":null,"numPassingAsserts":4,"retryReasons":[],"startAt":1779935918882,"status":"passed","title":"maintains consistent Vietnamese terminology across all users"},{"ancestorTitles":["UserRoleDashboard - Vietnamese Display","Property 7: All Application UI Elements Are Vietnamese"],"duration":54,"failing":false,"failureDetails":[],"failureMessages":[],"fullName":"UserRoleDashboard - Vietnamese Display Property 7: All Application UI Elements Are Vietnamese displays all user dashboard labels in Vietnamese","invocations":1,"location":null,"numPassingAsserts":6,"retryReasons":[],"startAt":1779935919012,"status":"passed","title":"displays all user dashboard labels in Vietnamese"},{"ancestorTitles":["UserRoleDashboard - Vietnamese Display","UserRoleDashboard Functionality with Vietnamese Display"],"duration":223,"failing":false,"failureDetails":[],"failureMessages":[],"fullName":"UserRoleDashboard - Vietnamese Display UserRoleDashboard Functionality with Vietnamese Display updates selected roles through the admin BFF route with Vietnamese labels","invocations":1,"location":null,"numPassingAsserts":1,"retryReasons":[],"startAt":1779935919066,"status":"passed","title":"updates selected roles through the admin BFF route with Vietnamese labels"},{"ancestorTitles":["UserRoleDashboard - Vietnamese Display","UserRoleDashboard Functionality with Vietnamese Display"],"duration":153,"failing":false,"failureDetails":[],"failureMessages":[],"fullName":"UserRoleDashboard - Vietnamese Display UserRoleDashboard Functionality with Vietnamese Display toggles account lock state through the admin BFF route with Vietnamese labels","invocations":1,"location":null,"numPassingAsserts":1,"retryReasons":[],"startAt":1779935919290,"status":"passed","title":"toggles account lock state through the admin BFF route with Vietnamese labels"},{"ancestorTitles":["UserRoleDashboard - Vietnamese Display","UserRoleDashboard Functionality with Vietnamese Display"],"duration":78,"failing":false,"failureDetails":[],"failureMessages":[],"fullName":"UserRoleDashboard - Vietnamese Display UserRoleDashboard Functionality with Vietnamese Display displays all role options in Vietnamese","invocations":1,"location":null,"numPassingAsserts":3,"retryReasons":[],"startAt":1779935919444,"status":"passed","title":"displays all role options in Vietnamese"},{"ancestorTitles":["UserRoleDashboard - Vietnamese Display","UserRoleDashboard Functionality with Vietnamese Display"],"duration":58,"failing":false,"failureDetails":[],"failureMessages":[],"fullName":"UserRoleDashboard - Vietnamese Display UserRoleDashboard Functionality with Vietnamese Display displays user status in Vietnamese","invocations":1,"location":null,"numPassingAsserts":2,"retryReasons":[],"startAt":1779935919522,"status":"passed","title":"displays user status in Vietnamese"},{"ancestorTitles":["UserRoleDashboard - Vietnamese Display","UserRoleDashboard Functionality with Vietnamese Display"],"duration":89,"failing":false,"failureDetails":[],"failureMessages":[],"fullName":"UserRoleDashboard - Vietnamese Display UserRoleDashboard Functionality with Vietnamese Display displays unlock button when account is locked","invocations":1,"location":null,"numPassingAsserts":1,"retryReasons":[],"startAt":1779935919580,"status":"passed","title":"displays unlock button when account is locked"},{"ancestorTitles":["UserRoleDashboard - Vietnamese Display","UserRoleDashboard Functionality with Vietnamese Display"],"duration":47,"failing":false,"failureDetails":[],"failureMessages":[],"fullName":"UserRoleDashboard - Vietnamese Display UserRoleDashboard Functionality with Vietnamese Display displays lock button when account is active","invocations":1,"location":null,"numPassingAsserts":1,"retryReasons":[],"startAt":1779935919669,"status":"passed","title":"displays lock button when account is active"}],"endTime":1779935919718,"message":"","name":"E:\\DUAN\\geoAI_web\\apps\\web\\src\\features\\admin\\UserRoleDashboard.test.js","startTime":1779935917755,"status":"passed","summary":""},{"assertionResults":[{"ancestorTitles":["AssetDetailPanel"],"duration":404,"failing":false,"failureDetails":[],"failureMessages":[],"fullName":"AssetDetailPanel renders property details, map preview, and audit timeline","invocations":1,"location":null,"numPassingAsserts":6,"retryReasons":[],"startAt":1779935918089,"status":"passed","title":"renders property details, map preview, and audit timeline"},{"ancestorTitles":["AssetDetailPanel"],"duration":1025,"failing":false,"failureDetails":[{"name":"TestingLibraryElementError"}],"failureMessages":["TestingLibraryElementError: Unable to find an element with the text: properties.update. This could be because the text is broken up by multiple elements. In this case, you can provide a function for your text matcher to make your matcher more flexible.\n\nIgnored nodes: comments, script, style\n\u001b[36m<body>\u001b[39m\n  \u001b[36m<div>\u001b[39m\n    \u001b[36m<section\u001b[39m\n      \u001b[33mclass\u001b[39m=\u001b[32m\"asset-detail-panel\"\u001b[39m\n    \u001b[36m>\u001b[39m\n      \u001b[36m<div\u001b[39m\n        \u001b[33mclass\u001b[39m=\u001b[32m\"asset-detail-heading\"\u001b[39m\n      \u001b[36m>\u001b[39m\n        \u001b[36m<div>\u001b[39m\n          \u001b[36m<p\u001b[39m\n            \u001b[33mclass\u001b[39m=\u001b[32m\"eyebrow\"\u001b[39m\n          \u001b[36m>\u001b[39m\n            \u001b[0mHồ sơ tài sản\u001b[0m\n          \u001b[36m</p>\u001b[39m\n          \u001b[36m<h1>\u001b[39m\n            \u001b[0mTru so 1\u001b[0m\n          \u001b[36m</h1>\u001b[39m\n        \u001b[36m</div>\u001b[39m\n        \u001b[36m<a\u001b[39m\n          \u001b[33mclass\u001b[39m=\u001b[32m\"text-button\"\u001b[39m\n          \u001b[33mhref\u001b[39m=\u001b[32m\"/assets/DN-BLD-001/edit\"\u001b[39m\n        \u001b[36m>\u001b[39m\n          \u001b[0mChỉnh sửa\u001b[0m\n        \u001b[36m</a>\u001b[39m\n      \u001b[36m</div>\u001b[39m\n      \u001b[36m<div\u001b[39m\n        \u001b[33mclass\u001b[39m=\u001b[32m\"dossier-toolbar\"\u001b[39m\n      \u001b[36m>\u001b[39m\n        \u001b[36m<label>\u001b[39m\n          \u001b[0mTìm kiếm hồ sơ\u001b[0m\n          \u001b[36m<input\u001b[39m\n            \u001b[33mplaceholder\u001b[39m=\u001b[32m\"Tài liệu, ghi chú, nhà cung cấp\"\u001b[39m\n            \u001b[33mvalue\u001b[39m=\u001b[32m\"acme\"\u001b[39m\n          \u001b[36m/>\u001b[39m\n        \u001b[36m</label>\u001b[39m\n        \u001b[36m<button\u001b[39m\n          \u001b[33mclass\u001b[39m=\u001b[32m\"text-button\"\u001b[39m\n          \u001b[33mtype\u001b[39m=\u001b[32m\"button\"\u001b[39m\n        \u001b[36m>\u001b[39m\n          \u001b[0mXuất JSON\u001b[0m\n        \u001b[36m</button>\u001b[39m\n        \u001b[36m<button\u001b[39m\n          \u001b[33mclass\u001b[39m=\u001b[32m\"text-button\"\u001b[39m\n          \u001b[33mtype\u001b[39m=\u001b[32m\"button\"\u001b[39m\n        \u001b[36m>\u001b[39m\n          \u001b[0mTải gói hồ sơ\u001b[0m\n        \u001b[36m</button>\u001b[39m\n      \u001b[36m</div>\u001b[39m\n      \u001b[36m<p\u001b[39m\n        \u001b[33mclass\u001b[39m=\u001b[32m\"form-status\"\u001b[39m\n      \u001b[36m>\u001b[39m\n        \u001b[0mTìm thấy \u001b[0m\n        \u001b[0m1\u001b[0m\n        \u001b[0m kết quả.\u001b[0m\n      \u001b[36m</p>\u001b[39m\n      \u001b[36m<p\u001b[39m\n        \u001b[33mclass\u001b[39m=\u001b[32m\"form-status\"\u001b[39m\n        \u001b[33mrole\u001b[39m=\u001b[32m\"status\"\u001b[39m\n      \u001b[36m>\u001b[39m\n        \u001b[0mNội dung chưa được lưu. Đã xuất metadata.\u001b[0m\n      \u001b[36m</p>\u001b[39m\n      \u001b[36m<div\u001b[39m\n        \u001b[33maria-label\u001b[39m=\u001b[32m\"Asset dossier sections\"\u001b[39m\n        \u001b[33mclass\u001b[39m=\u001b[32m\"dossier-tabs\"\u001b[39m\n        \u001b[33mrole\u001b[39m=\u001b[32m\"tablist\"\u001b[39m\n      \u001b[36m>\u001b[39m\n        \u001b[36m<button\u001b[39m\n          \u001b[33maria-selected\u001b[39m=\u001b[32m\"false\"\u001b[39m\n          \u001b[33mclass\u001b[39m=\u001b[32m\"\"\u001b[39m\n          \u001b[33mrole\u001b[39m=\u001b[32m\"tab\"\u001b[39m\n          \u001b[33mtype\u001b[39m=\u001b[32m\"button\"\u001b[39m\n        \u001b[36m>\u001b[39m\n          \u001b[0mTổng quan\u001b[0m\n        \u001b[36m</button>\u001b[39m\n        \u001b[36m<button\u001b[39m\n          \u001b[33maria-selected\u001b[39m=\u001b[32m\"false\"\u001b[39m\n          \u001b[33mclass\u001b[39m=\u001b[32m\"\"\u001b[39m\n          \u001b[33mrole\u001b[39m=\u001b[32m\"tab\"\u001b[39m\n          \u001b[33mtype\u001b[39m=\u001b[32m\"button\"\u001b[39m\n        \u001b[36m>\u001b[39m\n          \u001b[0mTài liệu\u001b[0m\n        \u001b[36m</button>\u001b[39m\n        \u001b[36m<button\u001b[39m\n          \u001b[33maria-selected\u001b[39m=\u001b[32m\"false\"\u001b[39m\n          \u001b[33mclass\u001b[39m=\u001b[32m\"\"\u001b[39m\n          \u001b[33mrole\u001b[39m=\u001b[32m\"tab\"\u001b[39m\n          \u001b[33mtype\u001b[39m=\u001b[32m\"button\"\u001b[39m\n        \u001b[36m>\u001b[39m\n          \u001b[0mKiểm tra\u001b[0m\n        \u001b[36m</button>\u001b[39m\n        \u001b[36m<button\u001b[39m\n          \u001b[33maria-selected\u001b[39m=\u001b[32m\"false\"\u001b[39m\n          \u001b[33mclass\u001b[39m=\u001b[32m\"\"\u001b[39m\n          \u001b[33mrole\u001b[39m=\u001b[32m\"tab\"\u001b[39m\n          \u001b[33mtype\u001b[39m=\u001b[32m\"button\"\u001b[39m\n        \u001b[36m>\u001b[39m\n          \u001b[0mBảo trì\u001b[0m\n        \u001b[36m</button>\u001b[39m\n        \u001b[36m<button\u001b[39m\n          \u001b[33maria-selected\u001b[39m=\u001b[32m\"true\"\u001b[39m\n          \u001b[33mclass\u001b[39m=\u001b[32m\"active\"\u001b[39m\n          \u001b[33mrole\u001b[39m=\u001b[32m\"tab\"\u001b[39m\n          \u001b[33mtype\u001b[39m=\u001b[32m\"button\"\u001b[39m\n        \u001b[36m>\u001b[39m\n          \u001b[0mLịch sử\u001b[0m\n        \u001b[36m</button>\u001b[39m\n        \u001b[36m<button\u001b[39m\n          \u001b[33maria-selected\u001b[39m=\u001b[32m\"false\"\u001b[39m\n          \u001b[33mclass\u001b[39m=\u001b[32m\"\"\u001b[39m\n          \u001b[33mrole\u001b[39m=\u001b[32m\"tab\"\u001b[39m\n          \u001b[33mtype\u001b[39m=\u001b[32m\"button\"\u001b[39m\n        \u001b[36m>\u001b[39m\n          \u001b[0mLiên kết\u001b[0m\n        \u001b[36m</button>\u001b[39m\n      \u001b[36m</div>\u001b[39m\n      \u001b[36m<section\u001b[39m\n        \u001b[33maria-label\u001b[39m=\u001b[32m\"Lịch sử hồ sơ\"\u001b[39m\n        \u001b[33mclass\u001b[39m=\u001b[32m\"asset-timeline\"\u001b[39m\n      \u001b[36m>\u001b[39m\n        \u001b[36m<h2>\u001b[39m\n          \u001b[0mLịch sử hồ sơ\u001b[0m\n        \u001b[36m</h2>\u001b[39m\n        \u001b[36m<article\u001b[39m\n          \u001b[33mclass\u001b[39m=\u001b[32m\"asset-timeline-item\"\u001b[39m\n        \u001b[36m>\u001b[39m\n          \u001b[36m<strong>\u001b[39m\n            \u001b[0mvalue.update\u001b[0m\n          \u001b[36m</strong>\u001b[39m\n          \u001b[36m<span>\u001b[39m\n            \u001b[0mDossier\u001b[0m\n          \u001b[36m</span>\u001b[39m\n          \u001b[36m<time\u001b[39m\n            \u001b[33mdatetime\u001b[39m=\u001b[32m\"2026-05-28\"\u001b[39m\n          \u001b[36m>\u001b[39m\n            \u001b[0m28/5/2026\u001b[0m\n          \u001b[36m</time>\u001b[39m\n        \u001b[36m</article>\u001b[39m\n        \u001b[36m<article\u001b[39m\n          \u001b[33mclass\u001b[39m=\u001b[32m\"asset-timeline-item\"\u001b[39m\n        \u001b[36m>\u001b[39m\n          \u001b[36m<strong>\u001b[39m\n            \u001b[0mNeeds repair\u001b[0m\n          \u001b[36m</strong>\u001b[39m\n          \u001b[36m<span>\u001b[39m\n            \u001b[0mInspection\u001b[0m\n          \u001b[36m</span>\u001b[39m\n          \u001b[36m<time\u001b[39m\n            \u001b[33mdatetime\u001b[39m=\u001b[32m\"2026-05-11\"\u001b[39m\n          \u001b[36m>\u001b[39m\n            \u001b[0m11/5/2026\u001b[0m\n          \u001b[36m</time>\u001b[39m\n        \u001b[36m</article>\u001b[39m\n        \u001b[36m<article\u001b[39m\n          \u001b[33mclass\u001b[39m=\u001b[32m\"asset-timeline-item\"\u001b[39m\n        \u001b[36m>\u001b[39m\n          \u001b[36m<strong>\u001b[39m\n            \u001b[0mCập nhật tài sản\u001b[0m\n          \u001b[36m</strong>\u001b[39m\n          \u001b[36m<span>\u001b[39m\n            \u001b[0madmin\u001b[0m\n          \u001b[36m</span>\u001b[39m\n          \u001b[36m<time\u001b[39m\n            \u001b[33mdatetime\u001b[39m=\u001b[32m\"2026-05-09T09:00:00.000Z\"\u001b[39m\n          \u001b[36m>\u001b[39m\n            \u001b[0m9/5/2026\u001b[0m\n          \u001b[36m</time>\u001b[39m\n        \u001b[36m</article>\u001b[39m\n        \u001b[36m<article\u001b[39m\n          \u001b[33mclass\u001b[39m=\u001b[32m\"asset-timeline-item\"\u001b[39m\n        \u001b[36m>\u001b[39m\n          \u001b[36m<strong>\u001b[39m\n            \u001b[0mlinks.add\u001b[0m\n          \u001b[36m</strong>\u001b[39m\n          \u001b[36m<span>\u001b[39m\n            \u001b[0mLocal\u001b[0m\n          \u001b[36m</span>\u001b[39m\n          \u001b[36m<time\u001b[39m\n            \u001b[33mdatetime\u001b[39m=\u001b[32m\"2026-05-28T02:38:39.314Z\"\u001b[39m\n          \u001b[36m>\u001b[39m\n            \u001b[0m28/5/2026\u001b[0m\n          \u001b[36m</time>\u001b[39m\n        \u001b[36m</article>\u001b[39m\n        \u001b[36m<article\u001b[39m\n          \u001b[33mclass\u001b[39m=\u001b[32m\"asset-timeline-item\"\u001b[39m\n        \u001b[36m>\u001b[39m\n          \u001b[36m<strong>\u001b[39m\n            \u001b[0mThêm biên bản kiểm tra\u001b[0m\n          \u001b[36m</strong>\u001b[39m\n          \u001b[36m<span>\u001b[39m\n            \u001b[0mLocal\u001b[0m\n          \u001b[36m</span>\u001b[39m\n          \u001b[36m<time\u001b[39m\n            \u001b[33mdatetime\u001b[39m=\u001b[32m\"2026-05-28T02:38:39.211Z\"\u001b[39m\n          \u001b[36m>\u001b[39m\n            \u001b[0m28/5/2026\u001b[0m\n          \u001b[36m</time>\u001b[39m\n        \u001b[36m</article>\u001b[39m\n        \u001b[36m<article\u001b[39m\n          \u001b[33mclass\u001b[39m=\u001b[32m\"asset-timeline-item\"\u001b[39m\n        \u001b[36m>\u001b[39m\n          \u001b[36m<strong>\u001b[39m\n            \u001b[0mdocuments.add\u001b[0m\n          \u001b[36m</strong>\u001b[39m\n          \u001b[36m<span>\u001b[39m\n            \u001b[0mLocal\u001b[0m\n          \u001b[36m</span>\u001b[39m\n          \u001b[36m<time\u001b[39m\n            \u001b[33mdatetime\u001b[39m=\u001b[32m\"2026-05-28T02:38:39.036Z\"\u001b[39m\n          \u001b[36m>\u001b[39m\n            \u001b[0m28/5/2026\u001b[0m\n          \u001b[36m</time>\u001b[39m\n        \u001b[36m</article>\u001b[39m\n        \u001b[36m<article\u001b[39m\n          \u001b[33mclass\u001b[39m=\u001b[32m\"asset-timeline-item\"\u001b[39m\n        \u001b[36m>\u001b[39m\n          \u001b[36m<strong>\u001b[39m\n            \u001b[0mvalue.add\u001b[0m\n          \u001b[36m</strong>\u001b[39m\n          \u001b[36m<span>\u001b[39m\n            \u001b[0mLocal\u001b[0m\n          \u001b[36m</span>\u001b[39m\n          \u001b[36m<time\u001b[39m\n            \u001b[33mdatetime\u001b[39m=\u001b[32m\"2026-05-28T02:38:38.852Z\"\u001b[39m\n          \u001b[36m>\u001b[39m\n            \u001b[0m28/5/2026\u001b[0m\n          \u001b[36m</time>\u001b[39m\n        \u001b[36m</article>\u001b[39m\n        \u001b[36m<article\u001b[39m\n          \u001b[33mclass\u001b[39m=\u001b[32m\"asset-timeline-item\"\u001b[39m\n        \u001b[36m>\u001b[39m\n          \u001b[36m<strong>\u001b[39m\n            \u001b[0mCập nhật trạng thái\u001b[0m\n          \u001b[36m</strong>\u001b[39m\n          \u001b[36m<span>\u001b[39m\n            \u001b[0mLocal\u001b[0m\n          \u001b[36m</span>\u001b[39m\n          \u001b[36m<time\u001b[39m\n            \u001b[33mdatetime\u001b[39m=\u001b[32m\"2026-05-28T02:38:38.726Z\"\u001b[39m\n          \u001b[36m>\u001b[39m\n            \u001b[0m28/5/2026\u001b[0m\n          \u001b[36m</time>\u001b[39m\n        \u001b[36m</article>\u001b[39m\n      \u001b[36m</section>\u001b[39m\n      \u001b[36m<section\u001b[39m\n        \u001b[33maria-label\u001b[39m=\u001b[32m\"Dossier operation history\"\u001b[39m\n        \u001b[33mclass\u001b[39m=\u001b[32m\"dossier-history\"\u001b[39m\n      \u001b[36m>\u001b[39m\n        \u001b[36m<h2>\u001b[39m\n          \u001b[0mOperation history\u001b[0m\n        \u001b[36m</h2>\u001b[39m\n        \u001b[36m<div\u001b[39m\n          \u001b[33mclass\u001b[39m=\u001b[32m\"dossier-row\"\u001b[39m\n        \u001b[36m>\u001b[39m\n          \u001b[36m<strong>\u001b[39m\n            \u001b[0mlinks.add\u001b[0m\n          \u001b[36m</strong>\u001b[39m\n          \u001b[36m<span>\u001b[39m\n            \u001b[0m28/5/2026\u001b[0m\n          \u001b[36m</span>\u001b[39m\n        \u001b[36m</div>\u001b[39m\n        \u001b[36m<div\u001b[39m\n          \u001b[33mclass\u001b[39m=\u001b[32m\"dossier-row\"\u001b[39m\n        \u001b[36m>\u001b[39m\n          \u001b[36m<strong>\u001b[39m\n            \u001b[0minspection.add\u001b[0m\n          \u001b[36m</strong>\u001b[39m\n          \u001b[36m<span>\u001b[39m\n            \u001b[0m28/5/2026\u001b[0m\n          \u001b[36m</span>\u001b[39m\n        \u001b[36m</div>\u001b[39m\n        \u001b[36m<div\u001b[39m\n          \u001b[33mclass\u001b[39m=\u001b[32m\"dossier-row\"\u001b[39m\n        \u001b[36m>\u001b[39m\n          \u001b[36m<strong>\u001b[39m\n            \u001b[0mdocuments.add\u001b[0m\n          \u001b[36m</strong>\u001b[39m\n          \u001b[36m<span>\u001b[39m\n            \u001b[0m28/5/2026\u001b[0m\n          \u001b[36m</span>\u001b[39m\n        \u001b[36m</div>\u001b[39m\n        \u001b[36m<div\u001b[39m\n          \u001b[33mclass\u001b[39m=\u001b[32m\"dossier-row\"\u001b[39m\n        \u001b[36m>\u001b[39m\n          \u001b[36m<strong>\u001b[39m\n            \u001b[0mvalue.add\u001b[0m\n          \u001b[36m</strong>\u001b[39m\n          \u001b[36m<span>\u001b[39m\n            \u001b[0m28/5/2026\u001b[0m\n          \u001b[36m</span>\u001b[39m\n        \u001b[36m</div>\u001b[39m\n        \u001b[36m<div\u001b[39m\n          \u001b[33mclass\u001b[39m=\u001b[32m\"dossier-row\"\u001b[39m\n        \u001b[36m>\u001b[39m\n          \u001b[36m<strong>\u001b[39m\n            \u001b[0mstatus.update\u001b[0m\n          \u001b[36m</strong>\u001b[39m\n          \u001b[36m<span>\u001b[39m\n            \u001b[0m28/5/2026\u001b[0m\n          \u001b[36m</span>\u001b[39m\n        \u001b[36m</div>\u001b[39m\n      \u001b[36m</section>\u001b[39m\n    \u001b[36m</section>\u001b[39m\n  \u001b[36m</div>\u001b[39m\n\u001b[36m</body>\u001b[39m\n    at Object.getElementError (E:\\DUAN\\geoAI_web\\node_modules\\@testing-library\\dom\\dist\\config.js:37:19)\n    at E:\\DUAN\\geoAI_web\\node_modules\\@testing-library\\dom\\dist\\query-helpers.js:76:38\n    at E:\\DUAN\\geoAI_web\\node_modules\\@testing-library\\dom\\dist\\query-helpers.js:52:17\n    at E:\\DUAN\\geoAI_web\\node_modules\\@testing-library\\dom\\dist\\query-helpers.js:95:19\n    at Object.getByText (E:\\DUAN\\geoAI_web\\apps\\web\\src\\features\\assets\\AssetDetailPanel.test.js:101:19)"],"fullName":"AssetDetailPanel supports dossier tabs, status updates, local records, search, and export","invocations":1,"location":null,"numPassingAsserts":10,"retryReasons":[],"startAt":1779935918494,"status":"failed","title":"supports dossier tabs, status updates, local records, search, and export"},{"ancestorTitles":["AssetDetailPanel"],"duration":129,"failing":false,"failureDetails":[],"failureMessages":[],"fullName":"AssetDetailPanel disables forms if no manage properties permission","invocations":1,"location":null,"numPassingAsserts":3,"retryReasons":[],"startAt":1779935919555,"status":"passed","title":"disables forms if no manage properties permission"}],"endTime":1779935919718,"message":"  ● AssetDetailPanel › supports dossier tabs, status updates, local records, search, and export\n\n    TestingLibraryElementError: Unable to find an element with the text: properties.update. This could be because the text is broken up by multiple elements. In this case, you can provide a function for your text matcher to make your matcher more flexible.\n\n    Ignored nodes: comments, script, style\n    \u001b[36m<body>\u001b[39m\n      \u001b[36m<div>\u001b[39m\n        \u001b[36m<section\u001b[39m\n          \u001b[33mclass\u001b[39m=\u001b[32m\"asset-detail-panel\"\u001b[39m\n        \u001b[36m>\u001b[39m\n          \u001b[36m<div\u001b[39m\n            \u001b[33mclass\u001b[39m=\u001b[32m\"asset-detail-heading\"\u001b[39m\n          \u001b[36m>\u001b[39m\n            \u001b[36m<div>\u001b[39m\n              \u001b[36m<p\u001b[39m\n                \u001b[33mclass\u001b[39m=\u001b[32m\"eyebrow\"\u001b[39m\n              \u001b[36m>\u001b[39m\n                \u001b[0mHồ sơ tài sản\u001b[0m\n              \u001b[36m</p>\u001b[39m\n              \u001b[36m<h1>\u001b[39m\n                \u001b[0mTru so 1\u001b[0m\n              \u001b[36m</h1>\u001b[39m\n            \u001b[36m</div>\u001b[39m\n            \u001b[36m<a\u001b[39m\n              \u001b[33mclass\u001b[39m=\u001b[32m\"text-button\"\u001b[39m\n              \u001b[33mhref\u001b[39m=\u001b[32m\"/assets/DN-BLD-001/edit\"\u001b[39m\n            \u001b[36m>\u001b[39m\n              \u001b[0mChỉnh sửa\u001b[0m\n            \u001b[36m</a>\u001b[39m\n          \u001b[36m</div>\u001b[39m\n          \u001b[36m<div\u001b[39m\n            \u001b[33mclass\u001b[39m=\u001b[32m\"dossier-toolbar\"\u001b[39m\n          \u001b[36m>\u001b[39m\n            \u001b[36m<label>\u001b[39m\n              \u001b[0mTìm kiếm hồ sơ\u001b[0m\n              \u001b[36m<input\u001b[39m\n                \u001b[33mplaceholder\u001b[39m=\u001b[32m\"Tài liệu, ghi chú, nhà cung cấp\"\u001b[39m\n                \u001b[33mvalue\u001b[39m=\u001b[32m\"acme\"\u001b[39m\n              \u001b[36m/>\u001b[39m\n            \u001b[36m</label>\u001b[39m\n            \u001b[36m<button\u001b[39m\n              \u001b[33mclass\u001b[39m=\u001b[32m\"text-button\"\u001b[39m\n              \u001b[33mtype\u001b[39m=\u001b[32m\"button\"\u001b[39m\n            \u001b[36m>\u001b[39m\n              \u001b[0mXuất JSON\u001b[0m\n            \u001b[36m</button>\u001b[39m\n            \u001b[36m<button\u001b[39m\n              \u001b[33mclass\u001b[39m=\u001b[32m\"text-button\"\u001b[39m\n              \u001b[33mtype\u001b[39m=\u001b[32m\"button\"\u001b[39m\n            \u001b[36m>\u001b[39m\n              \u001b[0mTải gói hồ sơ\u001b[0m\n            \u001b[36m</button>\u001b[39m\n          \u001b[36m</div>\u001b[39m\n          \u001b[36m<p\u001b[39m\n            \u001b[33mclass\u001b[39m=\u001b[32m\"form-status\"\u001b[39m\n          \u001b[36m>\u001b[39m\n            \u001b[0mTìm thấy \u001b[0m\n            \u001b[0m1\u001b[0m\n            \u001b[0m kết quả.\u001b[0m\n          \u001b[36m</p>\u001b[39m\n          \u001b[36m<p\u001b[39m\n            \u001b[33mclass\u001b[39m=\u001b[32m\"form-status\"\u001b[39m\n            \u001b[33mrole\u001b[39m=\u001b[32m\"status\"\u001b[39m\n          \u001b[36m>\u001b[39m\n            \u001b[0mNội dung chưa được lưu. Đã xuất metadata.\u001b[0m\n          \u001b[36m</p>\u001b[39m\n          \u001b[36m<div\u001b[39m\n            \u001b[33maria-label\u001b[39m=\u001b[32m\"Asset dossier sections\"\u001b[39m\n            \u001b[33mclass\u001b[39m=\u001b[32m\"dossier-tabs\"\u001b[39m\n            \u001
[...]
,"fullName":"Permission Mappings getPermissionLabel should return Vietnamese label for valid permission code","invocations":1,"location":null,"numPassingAsserts":2,"retryReasons":[],"startAt":1779935921712,"status":"passed","title":"should return Vietnamese label for valid permission code"},{"ancestorTitles":["Permission Mappings","getPermissionLabel"],"duration":0,"failing":false,"failureDetails":[],"failureMessages":[],"fullName":"Permission Mappings getPermissionLabel should return the code itself if mapping not found","invocations":1,"location":null,"numPassingAsserts":1,"retryReasons":[],"startAt":1779935921713,"status":"passed","title":"should return the code itself if mapping not found"},{"ancestorTitles":["Permission Mappings","getPermissionLabel"],"duration":4,"failing":false,"failureDetails":[],"failureMessages":[],"fullName":"Permission Mappings getPermissionLabel should work for all 10 required permissions","invocations":1,"location":null,"numPassingAsserts":20,"retryReasons":[],"startAt":1779935921713,"status":"passed","title":"should work for all 10 required permissions"},{"ancestorTitles":["Permission Mappings","getPermissionGroupLabel"],"duration":3,"failing":false,"failureDetails":[],"failureMessages":[],"fullName":"Permission Mappings getPermissionGroupLabel should return Vietnamese group label for permission code","invocations":1,"location":null,"numPassingAsserts":3,"retryReasons":[],"startAt":1779935921717,"status":"passed","title":"should return Vietnamese group label for permission code"},{"ancestorTitles":["Permission Mappings","getPermissionGroupLabel"],"duration":1,"failing":false,"failureDetails":[],"failureMessages":[],"fullName":"Permission Mappings getPermissionGroupLabel should return the prefix itself if group not found","invocations":1,"location":null,"numPassingAsserts":1,"retryReasons":[],"startAt":1779935921720,"status":"passed","title":"should return the prefix itself if group not found"},{"ancestorTitles":["Permission Mappings","getPermissionGroupLabel"],"duration":4,"failing":false,"failureDetails":[],"failureMessages":[],"fullName":"Permission Mappings getPermissionGroupLabel should work for all 10 required permissions","invocations":1,"location":null,"numPassingAsserts":20,"retryReasons":[],"startAt":1779935921721,"status":"passed","title":"should work for all 10 required permissions"},{"ancestorTitles":["Permission Mappings","getReversePermissionMapping"],"duration":1,"failing":false,"failureDetails":[],"failureMessages":[],"fullName":"Permission Mappings getReversePermissionMapping should return technical code for Vietnamese label","invocations":1,"location":null,"numPassingAsserts":2,"retryReasons":[],"startAt":1779935921725,"status":"passed","title":"should return technical code for Vietnamese label"},{"ancestorTitles":["Permission Mappings","getReversePermissionMapping"],"duration":0,"failing":false,"failureDetails":[],"failureMessages":[],"fullName":"Permission Mappings getReversePermissionMapping should return undefined for unknown label","invocations":1,"location":null,"numPassingAsserts":1,"retryReasons":[],"startAt":1779935921726,"status":"passed","title":"should return undefined for unknown label"},{"ancestorTitles":["Permission Mappings","getReversePermissionMapping"],"duration":2,"failing":false,"failureDetails":[],"failureMessages":[],"fullName":"Permission Mappings getReversePermissionMapping should work for all Vietnamese labels","invocations":1,"location":null,"numPassingAsserts":10,"retryReasons":[],"startAt":1779935921726,"status":"passed","title":"should work for all Vietnamese labels"},{"ancestorTitles":["Permission Mappings","hasPermissionMapping"],"duration":1,"failing":false,"failureDetails":[],"failureMessages":[],"fullName":"Permission Mappings hasPermissionMapping should return true for mapped permission codes","invocations":1,"location":null,"numPassingAsserts":2,"retryReasons":[],"startAt":1779935921728,"status":"passed","title":"should return true for mapped permission codes"},{"ancestorTitles":["Permission Mappings","hasPermissionMapping"],"duration":0,"failing":false,"failureDetails":[],"failureMessages":[],"fullName":"Permission Mappings hasPermissionMapping should return false for unmapped permission codes","invocations":1,"location":null,"numPassingAsserts":1,"retryReasons":[],"startAt":1779935921729,"status":"passed","title":"should return false for unmapped permission codes"},{"ancestorTitles":["Permission Mappings","hasPermissionMapping"],"duration":1,"failing":false,"failureDetails":[],"failureMessages":[],"fullName":"Permission Mappings hasPermissionMapping should work for all 10 required permissions","invocations":1,"location":null,"numPassingAsserts":10,"retryReasons":[],"startAt":1779935921729,"status":"passed","title":"should work for all 10 required permissions"},{"ancestorTitles":["Permission Mappings","getAllPermissionCodes"],"duration":0,"failing":false,"failureDetails":[],"failureMessages":[],"fullName":"Permission Mappings getAllPermissionCodes should return array of all permission codes","invocations":1,"location":null,"numPassingAsserts":2,"retryReasons":[],"startAt":1779935921731,"status":"passed","title":"should return array of all permission codes"},{"ancestorTitles":["Permission Mappings","getAllPermissionCodes"],"duration":2,"failing":false,"failureDetails":[],"failureMessages":[],"fullName":"Permission Mappings getAllPermissionCodes should contain all 10 required permission codes","invocations":1,"location":null,"numPassingAsserts":10,"retryReasons":[],"startAt":1779935921731,"status":"passed","title":"should contain all 10 required permission codes"},{"ancestorTitles":["Permission Mappings","getAllPermissionLabels"],"duration":1,"failing":false,"failureDetails":[],"failureMessages":[],"fullName":"Permission Mappings getAllPermissionLabels should return array of all Vietnamese labels","invocations":1,"location":null,"numPassingAsserts":2,"retryReasons":[],"startAt":1779935921733,"status":"passed","title":"should return array of all Vietnamese labels"},{"ancestorTitles":["Permission Mappings","getAllPermissionLabels"],"duration":1,"failing":false,"failureDetails":[],"failureMessages":[],"fullName":"Permission Mappings getAllPermissionLabels should contain all Vietnamese descriptions","invocations":1,"location":null,"numPassingAsserts":10,"retryReasons":[],"startAt":1779935921734,"status":"passed","title":"should contain all Vietnamese descriptions"},{"ancestorTitles":["Permission Mappings","getAllPermissionGroups"],"duration":1,"failing":false,"failureDetails":[],"failureMessages":[],"fullName":"Permission Mappings getAllPermissionGroups should return array of all permission group labels","invocations":1,"location":null,"numPassingAsserts":2,"retryReasons":[],"startAt":1779935921735,"status":"passed","title":"should return array of all permission group labels"},{"ancestorTitles":["Permission Mappings","getAllPermissionGroups"],"duration":2,"failing":false,"failureDetails":[],"failureMessages":[],"fullName":"Permission Mappings getAllPermissionGroups should contain all group labels","invocations":1,"location":null,"numPassingAsserts":7,"retryReasons":[],"startAt":1779935921736,"status":"passed","title":"should contain all group labels"},{"ancestorTitles":["Permission Mappings","getPermissionsByGroup"],"duration":3,"failing":false,"failureDetails":[],"failureMessages":[],"fullName":"Permission Mappings getPermissionsByGroup should return permissions for admin.users group","invocations":1,"location":null,"numPassingAsserts":4,"retryReasons":[],"startAt":1779935921738,"status":"passed","title":"should return permissions for admin.users group"},{"ancestorTitles":["Permission Mappings","getPermissionsByGroup"],"duration":2,"failing":false,"failureDetails":[],"failureMessages":[],"fullName":"Permission Mappings getPermissionsByGroup should return permissions for admin.roles group","invocations":1,"location":null,"numPassingAsserts":3,"retryReasons":[],"startAt":1779935921741,"status":"passed","title":"should return permissions for admin.roles group"},{"ancestorTitles":["Permission Mappings","getPermissionsByGroup"],"duration":14,"failing":false,"failureDetails":[],"failureMessages":[],"fullName":"Permission Mappings getPermissionsByGroup should return empty array for non-existent group","invocations":1,"location":null,"numPassingAsserts":2,"retryReasons":[],"startAt":1779935921743,"status":"passed","title":"should return empty array for non-existent group"},{"ancestorTitles":["Permission Mappings","getPermissionsByGroup"],"duration":13,"failing":false,"failureDetails":[],"failureMessages":[],"fullName":"Permission Mappings getPermissionsByGroup should return correct structure for all groups","invocations":1,"location":null,"numPassingAsserts":47,"retryReasons":[],"startAt":1779935921757,"status":"passed","title":"should return correct structure for all groups"},{"ancestorTitles":["Permission Mappings","getPermissionsByGroups"],"duration":1,"failing":false,"failureDetails":[],"failureMessages":[],"fullName":"Permission Mappings getPermissionsByGroups should return object with group labels as keys","invocations":1,"location":null,"numPassingAsserts":2,"retryReasons":[],"startAt":1779935921770,"status":"passed","title":"should return object with group labels as keys"},{"ancestorTitles":["Permission Mappings","getPermissionsByGroups"],"duration":1,"failing":false,"failureDetails":[],"failureMessages":[],"fullName":"Permission Mappings getPermissionsByGroups should have all 7 groups as keys","invocations":1,"location":null,"numPassingAsserts":7,"retryReasons":[],"startAt":1779935921771,"status":"passed","title":"should have all 7 groups as keys"},{"ancestorTitles":["Permission Mappings","getPermissionsByGroups"],"duration":1,"failing":false,"failureDetails":[],"failureMessages":[],"fullName":"Permission Mappings getPermissionsByGroups should have correct permissions for each group","invocations":1,"location":null,"numPassingAsserts":7,"retryReasons":[],"startAt":1779935921772,"status":"passed","title":"should have correct permissions for each group"},{"ancestorTitles":["Permission Mappings","getPermissionsByGroups"],"duration":5,"failing":false,"failureDetails":[],"failureMessages":[],"fullName":"Permission Mappings getPermissionsByGroups should have correct structure for all permissions","invocations":1,"location":null,"numPassingAsserts":47,"retryReasons":[],"startAt":1779935921773,"status":"passed","title":"should have correct structure for all permissions"},{"ancestorTitles":["Permission Mappings","getPermissionsByGroups"],"duration":1,"failing":false,"failureDetails":[],"failureMessages":[],"fullName":"Permission Mappings getPermissionsByGroups should contain all 10 permissions across all groups","invocations":1,"location":null,"numPassingAsserts":1,"retryReasons":[],"startAt":1779935921778,"status":"passed","title":"should contain all 10 permissions across all groups"},{"ancestorTitles":["Permission Mappings","Bidirectional Mapping Consistency"],"duration":2,"failing":false,"failureDetails":[],"failureMessages":[],"fullName":"Permission Mappings Bidirectional Mapping Consistency should maintain consistency between forward and reverse mappings","invocations":1,"location":null,"numPassingAsserts":30,"retryReasons":[],"startAt":1779935921779,"status":"passed","title":"should maintain consistency between forward and reverse mappings"},{"ancestorTitles":["Permission Mappings","Bidirectional Mapping Consistency"],"duration":0,"failing":false,"failureDetails":[],"failureMessages":[],"fullName":"Permission Mappings Bidirectional Mapping Consistency should have no duplicate labels","invocations":1,"location":null,"numPassingAsserts":1,"retryReasons":[],"startAt":1779935921782,"status":"passed","title":"should have no duplicate labels"},{"ancestorTitles":["Permission Mappings","Bidirectional Mapping Consistency"],"duration":0,"failing":false,"failureDetails":[],"failureMessages":[],"fullName":"Permission Mappings Bidirectional Mapping Consistency should have no duplicate codes","invocations":1,"location":null,"numPassingAsserts":1,"retryReasons":[],"startAt":1779935921782,"status":"passed","title":"should have no duplicate codes"},{"ancestorTitles":["Permission Mappings","Edge Cases"],"duration":1,"failing":false,"failureDetails":[],"failureMessages":[],"fullName":"Permission Mappings Edge Cases should handle empty string gracefully","invocations":1,"location":null,"numPassingAsserts":2,"retryReasons":[],"startAt":1779935921782,"status":"passed","title":"should handle empty string gracefully"},{"ancestorTitles":["Permission Mappings","Edge Cases"],"duration":0,"failing":false,"failureDetails":[],"failureMessages":[],"fullName":"Permission Mappings Edge Cases should handle null gracefully","invocations":1,"location":null,"numPassingAsserts":2,"retryReasons":[],"startAt":1779935921783,"status":"passed","title":"should handle null gracefully"},{"ancestorTitles":["Permission Mappings","Edge Cases"],"duration":0,"failing":false,"failureDetails":[],"failureMessages":[],"fullName":"Permission Mappings Edge Cases should handle undefined gracefully","invocations":1,"location":null,"numPassingAsserts":2,"retryReasons":[],"startAt":1779935921783,"status":"passed","title":"should handle undefined gracefully"},{"ancestorTitles":["Permission Mappings","Edge Cases"],"duration":0,"failing":false,"failureDetails":[],"failureMessages":[],"fullName":"Permission Mappings Edge Cases should handle case-sensitive lookups","invocations":1,"location":null,"numPassingAsserts":2,"retryReasons":[],"startAt":1779935921784,"status":"passed","title":"should handle case-sensitive lookups"}],"endTime":1779935921786,"message":"","name":"E:\\DUAN\\geoAI_web\\apps\\web\\src\\features\\admin\\permissions\\permissionMappings.test.js","startTime":1779935921463,"status":"passed","summary":""},{"assertionResults":[{"ancestorTitles":["POST /api/analyze"],"duration":3,"failing":false,"failureDetails":[],"failureMessages":[],"fullName":"POST /api/analyze rejects requests without an image","invocations":1,"location":null,"numPassingAsserts":2,"retryReasons":[],"startAt":1779935921811,"status":"passed","title":"rejects requests without an image"},{"ancestorTitles":["POST /api/analyze"],"duration":2,"failing":false,"failureDetails":[],"failureMessages":[],"fullName":"POST /api/analyze forwards images to the GeoAI backend and returns normalized results","invocations":1,"location":null,"numPassingAsserts":3,"retryReasons":[],"startAt":1779935921814,"status":"passed","title":"forwards images to the GeoAI backend and returns normalized results"},{"ancestorTitles":["POST /api/analyze"],"duration":1,"failing":false,"failureDetails":[],"failureMessages":[],"fullName":"POST /api/analyze returns 503 when the GeoAI backend cannot be reached","invocations":1,"location":null,"numPassingAsserts":2,"retryReasons":[],"startAt":1779935921817,"status":"passed","title":"returns 503 when the GeoAI backend cannot be reached"}],"endTime":1779935921819,"message":"","name":"E:\\DUAN\\geoAI_web\\apps\\web\\app\\api\\analyze\\route.test.js","startTime":1779935921617,"status":"passed","summary":""},{"assertionResults":[{"ancestorTitles":["GET /api/map/assets"],"duration":3,"failing":false,"failureDetails":[],"failureMessages":[],"fullName":"GET /api/map/assets returns viewport-filtered sample assets","invocations":1,"location":null,"numPassingAsserts":3,"retryReasons":[],"startAt":1779935921814,"status":"passed","title":"returns viewport-filtered sample assets"},{"ancestorTitles":["GET /api/map/assets"],"duration":2,"failing":false,"failureDetails":[],"failureMessages":[],"fullName":"GET /api/map/assets rejects invalid bbox values","invocations":1,"location":null,"numPassingAsserts":2,"retryReasons":[],"startAt":1779935921817,"status":"passed","title":"rejects invalid bbox values"}],"endTime":1779935921820,"message":"","name":"E:\\DUAN\\geoAI_web\\apps\\web\\app\\api\\map\\assets\\route.test.js","startTime":1779935921639,"status":"passed","summary":""},{"assertionResults":[{"ancestorTitles":["api-proxy"],"duration":1,"failing":false,"failureDetails":[],"failureMessages":[],"fullName":"api-proxy splits multiple Set-Cookie values without splitting Expires dates","invocations":1,"location":null,"numPassingAsserts":1,"retryReasons":[],"startAt":1779935921859,"status":"passed","title":"splits multiple Set-Cookie values without splitting Expires dates"}],"endTime":1779935921861,"message":"","name":"E:\\DUAN\\geoAI_web\\apps\\web\\src\\features\\auth\\api-proxy.test.js","startTime":1779935921703,"status":"passed","summary":""},{"assertionResults":[{"ancestorTitles":["GET /api/admin-boundaries"],"duration":2,"failing":false,"failureDetails":[],"failureMessages":[],"fullName":"GET /api/admin-boundaries forwards boundary payloads from the GeoAI backend","invocations":1,"location":null,"numPassingAsserts":3,"retryReasons":[],"startAt":1779935921857,"status":"passed","title":"forwards boundary payloads from the GeoAI backend"},{"ancestorTitles":["GET /api/admin-boundaries"],"duration":1,"failing":false,"failureDetails":[],"failureMessages":[],"fullName":"GET /api/admin-boundaries returns a controlled 503 when the GeoAI backend is unavailable","invocations":1,"location":null,"numPassingAsserts":2,"retryReasons":[],"startAt":1779935921859,"status":"passed","title":"returns a controlled 503 when the GeoAI backend is unavailable"}],"endTime":1779935921861,"message":"","name":"E:\\DUAN\\geoAI_web\\apps\\web\\app\\api\\admin-boundaries\\route.test.js","startTime":1779935921685,"status":"passed","summary":""},{"assertionResults":[{"ancestorTitles":["spatial-draw-state"],"duration":3,"failing":false,"failureDetails":[],"failureMessages":[],"fullName":"spatial-draw-state changes modes, stores draft coordinates, and tracks selected vertex","invocations":1,"location":null,"numPassingAsserts":4,"retryReasons":[],"startAt":1779935921857,"status":"passed","title":"changes modes, stores draft coordinates, and tracks selected vertex"},{"ancestorTitles":["spatial-draw-state"],"duration":2,"failing":false,"failureDetails":[],"failureMessages":[],"fullName":"spatial-draw-state supports add/delete vertex plus undo and redo","invocations":1,"location":null,"numPassingAsserts":3,"retryReasons":[],"startAt":1779935921860,"status":"passed","title":"supports add/delete vertex plus undo and redo"},{"ancestorTitles":["spatial-draw-state"],"duration":1,"failing":false,"failureDetails":[],"failureMessages":[],"fullName":"spatial-draw-state updates attributes, toggles snap, marks saved, and cancels","invocations":1,"location":null,"numPassingAsserts":4,"retryReasons":[],"startAt":1779935921862,"status":"passed","title":"updates attributes, toggles snap, marks saved, and cancels"},{"ancestorTitles":["spatial-draw-state"],"duration":2,"failing":false,"failureDetails":[],"failureMessages":[],"fullName":"spatial-draw-state persists draft and history with localStorage fallback","invocations":1,"location":null,"numPassingAsserts":4,"retryReasons":[],"startAt":1779935921863,"status":"passed","title":"persists draft and history with localStorage fallback"}],"endTime":1779935921866,"message":"","name":"E:\\DUAN\\geoAI_web\\apps\\web\\src\\features\\spatial-draw\\spatial-draw-state.test.js","startTime":1779935921682,"status":"passed","summary":""},{"assertionResults":[{"ancestorTitles":["property search helpers"],"duration":2,"failing":false,"failureDetails":[],"failureMessages":[],"fullName":"property search helpers formats density answers and rows for the sidebar and map","invocations":1,"location":null,"numPassingAsserts":4,"retryReasons":[],"startAt":1779935921878,"status":"passed","title":"formats density answers and rows for the sidebar and map"}],"endTime":1779935921881,"message":"","name":"E:\\DUAN\\geoAI_web\\apps\\web\\src\\features\\map\\property-search.test.js","startTime":1779935921733,"status":"passed","summary":""}],"wasInterrupted":false}
